#
# There is insufficient memory for the Java Runtime Environment to continue.
# Native memory allocation (malloc) failed to allocate 1056656 bytes for Chunk::new
# Possible reasons:
#   The system is out of physical RAM or swap space
#   The process is running with CompressedOops enabled, and the Java Heap may be blocking the growth of the native heap
# Possible solutions:
#   Reduce memory load on the system
#   Increase physical memory or swap space
#   Check if swap backing store is full
#   Decrease Java heap size (-Xmx/-Xms)
#   Decrease number of Java threads
#   Decrease Java thread stack sizes (-Xss)
#   Set larger code cache with -XX:ReservedCodeCacheSize=
#   JVM is running with Unscaled Compressed Oops mode in which the Java heap is
#     placed in the first 4GB address space. The Java Heap base address is the
#     maximum limit for the native heap growth. Please use -XX:HeapBaseMinAddress
#     to set the Java Heap base and to place the Java Heap above 4GB virtual address.
# This output file may be truncated or incomplete.
#
#  Out of Memory Error (allocation.cpp:389), pid=10640, tid=0x000000000000663c
#
# JRE version: OpenJDK Runtime Environment (8.0_232-b09) (build 1.8.0_232-b09)
# Java VM: OpenJDK 64-Bit Server VM (25.232-b09 mixed mode windows-amd64 compressed oops)
# Failed to write core dump. Minidumps are not enabled by default on client versions of Windows
#

---------------  T H R E A D  ---------------

Current thread (0x0000000018a8a000):  JavaThread "C2 CompilerThread0" daemon [_thread_in_native, id=26172, stack(0x00000000199a0000,0x0000000019aa0000)]

Stack: [0x00000000199a0000,0x0000000019aa0000]
[error occurred during error reporting (printing stack bounds), id 0xc0000005]

Native frames: (J=compiled Java code, j=interpreted, Vv=VM code, C=native code)


Current CompileTask:
C2:   2535 2920       4       org.codehaus.plexus.interpolation.AbstractDelegatingValueSource::getValue (11 bytes)


---------------  P R O C E S S  ---------------

Java Threads: ( => current thread )
  0x0000000018b55800 JavaThread "Service Thread" daemon [_thread_blocked, id=25624, stack(0x0000000019ca0000,0x0000000019da0000)]
  0x0000000018ae2800 JavaThread "C1 CompilerThread2" daemon [_thread_blocked, id=7820, stack(0x0000000019ba0000,0x0000000019ca0000)]
  0x0000000018ad9800 JavaThread "C2 CompilerThread1" daemon [_thread_in_native, id=21856, stack(0x0000000019aa0000,0x0000000019ba0000)]
=>0x0000000018a8a000 JavaThread "C2 CompilerThread0" daemon [_thread_in_native, id=26172, stack(0x00000000199a0000,0x0000000019aa0000)]
  0x0000000018a88800 JavaThread "Attach Listener" daemon [_thread_blocked, id=21532, stack(0x00000000198a0000,0x00000000199a0000)]
  0x0000000018a88000 JavaThread "Signal Dispatcher" daemon [_thread_blocked, id=24248, stack(0x00000000197a0000,0x00000000198a0000)]
  0x0000000017faa800 JavaThread "Finalizer" daemon [_thread_blocked, id=20640, stack(0x00000000195a0000,0x00000000196a0000)]
  0x0000000017fa7000 JavaThread "Reference Handler" daemon [_thread_blocked, id=8848, stack(0x00000000194a0000,0x00000000195a0000)]
  0x0000000003367800 JavaThread "main" [_thread_in_native, id=24500, stack(0x0000000003220000,0x0000000003320000)]

Other Threads:
  0x0000000017f9e800 VMThread [stack: 0x00000000193a0000,0x00000000194a0000] [id=9776]
  0x0000000018b56800 WatcherThread [stack: 0x0000000019da0000,0x0000000019ea0000] [id=20648]

VM state:not at safepoint (normal execution)

VM Mutex/Monitor currently owned by a thread: None

heap address: 0x0000000081c00000, size: 2020 MB, Compressed Oops mode: 32-bit
Narrow klass base: 0x0000000000000000, Narrow klass shift: 3
Compressed class space size: 1073741824 Address: 0x0000000100000000

Heap:
 PSYoungGen      total 144896K, used 38544K [0x00000000d5f00000, 0x00000000e0600000, 0x0000000100000000)
  eden space 129536K, 17% used [0x00000000d5f00000,0x00000000d75ac000,0x00000000ddd80000)
  from space 15360K, 99% used [0x00000000df000000,0x00000000dfef8040,0x00000000dff00000)
  to   space 18944K, 0% used [0x00000000ddd80000,0x00000000ddd80000,0x00000000df000000)
 ParOldGen       total 87552K, used 21913K [0x0000000081c00000, 0x0000000087180000, 0x00000000d5f00000)
  object space 87552K, 25% used [0x0000000081c00000,0x0000000083166748,0x0000000087180000)
 Metaspace       used 16954K, capacity 17162K, committed 17280K, reserved 1064960K
  class space    used 1830K, capacity 1919K, committed 1920K, reserved 1048576K

Card table byte_map: [0x00000000127e0000,0x0000000012be0000] byte_map_base: 0x00000000123d2000

Marking Bits: (ParMarkBitMap*) 0x000000006d7ba170
 Begin Bits: [0x0000000013290000, 0x0000000015220000)
 End Bits:   [0x0000000015220000, 0x00000000171b0000)

Polling page: 0x0000000002e80000

CodeCache: size=245760Kb used=10721Kb max_used=10721Kb free=235039Kb
 bounds [0x0000000003420000, 0x0000000003eb0000, 0x0000000012420000]
 total_blobs=3555 nmethods=3184 adapters=284
 compilation: enabled

Compilation events (250 events):
Event: 2.365 Thread 0x0000000018ad9800 nmethod 2900 0x0000000003e4bd90 code [0x0000000003e4bf40, 0x0000000003e4c498]
Event: 2.365 Thread 0x0000000018ad9800 2921       4       com.google.inject.internal.InternalContext::<init> (45 bytes)
Event: 2.365 Thread 0x0000000018ae2800 3069       3       java.lang.AbstractStringBuilder::substring (62 bytes)
Event: 2.365 Thread 0x0000000018ae2800 nmethod 3069 0x0000000003e3ce50 code [0x0000000003e3d000, 0x0000000003e3d4f8]
Event: 2.366 Thread 0x0000000018a8a000 nmethod 2913 0x0000000003e4b710 code [0x0000000003e4b880, 0x0000000003e4bc08]
Event: 2.366 Thread 0x0000000018a8a000 2947       4       org.eclipse.aether.graph.Dependency::<init> (13 bytes)
Event: 2.366 Thread 0x0000000018ad9800 nmethod 2921 0x0000000003e4b210 code [0x0000000003e4b360, 0x0000000003e4b5b8]
Event: 2.366 Thread 0x0000000018ad9800 2919       4       org.codehaus.plexus.interpolation.PrefixedValueSourceWrapper::getValue (39 bytes)
Event: 2.375 Thread 0x0000000018ae2800 3070       3       java.lang.Character::isUpperCase (5 bytes)
Event: 2.375 Thread 0x0000000018ae2800 nmethod 3070 0x0000000003e3c650 code [0x0000000003e3c800, 0x0000000003e3cc78]
Event: 2.375 Thread 0x0000000018ae2800 3071       3       java.lang.Character::isUpperCase (25 bytes)
Event: 2.375 Thread 0x0000000018ae2800 nmethod 3071 0x0000000003e3bf10 code [0x0000000003e3c0c0, 0x0000000003e3c4d8]
Event: 2.386 Thread 0x0000000018ae2800 3074       3       java.io.File::getAbsoluteFile (21 bytes)
Event: 2.387 Thread 0x0000000018ae2800 nmethod 3074 0x0000000003e3b850 code [0x0000000003e3b9e0, 0x0000000003e3bd78]
Event: 2.387 Thread 0x0000000018ae2800 3072       3       org.apache.maven.model.building.FileModelSource::<init> (6 bytes)
Event: 2.387 Thread 0x0000000018ae2800 nmethod 3072 0x0000000003e3ac10 code [0x0000000003e3ade0, 0x0000000003e3b428]
Event: 2.387 Thread 0x0000000018ae2800 3073       3       org.apache.maven.building.FileSource::<init> (21 bytes)
Event: 2.387 Thread 0x0000000018ae2800 nmethod 3073 0x0000000003e3a110 code [0x0000000003e3a2e0, 0x0000000003e3a8c8]
Event: 2.388 Thread 0x0000000018a8a000 nmethod 2947 0x0000000003e43250 code [0x0000000003e434c0, 0x0000000003e44df8]
Event: 2.388 Thread 0x0000000018a8a000 2920       4       org.codehaus.plexus.interpolation.AbstractDelegatingValueSource::getValue (11 bytes)
Event: 2.405 Thread 0x0000000018ae2800 3078       3       org.apache.maven.model.interpolation.StringVisitorModelInterpolator$ModelVisitor::visit (89 bytes)
Event: 2.406 Thread 0x0000000018ae2800 nmethod 3078 0x0000000003e4a250 code [0x0000000003e4a460, 0x0000000003e4ad38]
Event: 2.418 Thread 0x0000000018ae2800 3086       2       org.apache.maven.model.merge.ModelMerger$SourceDominant::merge (13 bytes)
Event: 2.418 Thread 0x0000000018ae2800 nmethod 3086 0x0000000003e42f10 code [0x0000000003e43060, 0x0000000003e431b0]
Event: 2.435 Thread 0x0000000018ae2800 3088       3       org.apache.maven.model.interpolation.StringVisitorModelInterpolator$ModelVisitor::visit (42 bytes)
Event: 2.435 Thread 0x0000000018ae2800 nmethod 3088 0x0000000003e49450 code [0x0000000003e49640, 0x0000000003e49eb8]
Event: 2.435 Thread 0x0000000018ae2800 3089 % !   3       org.apache.maven.model.building.DefaultModelBuilder::importDependencyManagement @ 99 (1092 bytes)
Event: 2.442 Thread 0x0000000018ae2800 nmethod 3089% 0x0000000003e5b950 code [0x0000000003e5c940, 0x0000000003e67c98]
Event: 2.442 Thread 0x0000000018ae2800 3091       2       org.eclipse.aether.artifact.AbstractArtifact::newInstance (27 bytes)
Event: 2.442 Thread 0x0000000018ae2800 nmethod 3091 0x0000000003e42910 code [0x0000000003e42aa0, 0x0000000003e42d88]
Event: 2.442 Thread 0x0000000018ae2800 3090       2       org.apache.maven.model.Model::setUrl (6 bytes)
Event: 2.442 Thread 0x0000000018ae2800 nmethod 3090 0x0000000003e49110 code [0x0000000003e49260, 0x0000000003e493d0]
Event: 2.443 Thread 0x0000000018ae2800 3092       2       sun.util.locale.provider.LocaleProviderAdapter::getAdapter (171 bytes)
Event: 2.443 Thread 0x0000000018ae2800 nmethod 3092 0x0000000003e48450 code [0x0000000003e486a0, 0x0000000003e48cf8]
Event: 2.448 Thread 0x0000000018ae2800 3093       2       org.eclipse.aether.graph.Dependency::equals (94 bytes)
Event: 2.449 Thread 0x0000000018ae2800 nmethod 3093 0x0000000003e47bd0 code [0x0000000003e47d60, 0x0000000003e481f8]
Event: 2.449 Thread 0x0000000018ae2800 3094       2       org.eclipse.aether.util.graph.selector.ExclusionDependencySelector::matches (78 bytes)
Event: 2.449 Thread 0x0000000018ae2800 nmethod 3094 0x0000000003e47110 code [0x0000000003e47320, 0x0000000003e47818]
Event: 2.449 Thread 0x0000000018ae2800 3095       2       java.io.File::getParentFile (24 bytes)
Event: 2.449 Thread 0x0000000018ae2800 nmethod 3095 0x0000000003e46c10 code [0x0000000003e46d80, 0x0000000003e46f88]
Event: 2.449 Thread 0x0000000018ae2800 3096       2       java.io.File::getParent (65 bytes)
Event: 2.449 Thread 0x0000000018ae2800 nmethod 3096 0x0000000003e72150 code [0x0000000003e722e0, 0x0000000003e72528]
Event: 2.451 Thread 0x0000000018ae2800 3097       2       java.util.Locale::getCountry (8 bytes)
Event: 2.451 Thread 0x0000000018ae2800 nmethod 3097 0x0000000003e726d0 code [0x0000000003e72820, 0x0000000003e72970]
Event: 2.454 Thread 0x0000000018ae2800 3099       2       org.apache.maven.model.merge.ModelMerger::mergeRepositoryBase (37 bytes)
Event: 2.454 Thread 0x0000000018ae2800 nmethod 3099 0x0000000003e72a10 code [0x0000000003e72ba0, 0x0000000003e72dd8]
Event: 2.454 Thread 0x0000000018ae2800 3100       2       org.apache.maven.model.merge.ModelMerger::mergeRepository_Releases (49 bytes)
Event: 2.454 Thread 0x0000000018ae2800 nmethod 3100 0x0000000003e72f10 code [0x0000000003e730a0, 0x0000000003e73368]
Event: 2.454 Thread 0x0000000018ae2800 3101       2       org.apache.maven.model.merge.ModelMerger::mergeRepository_Snapshots (49 bytes)
Event: 2.454 Thread 0x0000000018ae2800 nmethod 3101 0x0000000003e73590 code [0x0000000003e73720, 0x0000000003e739e8]
Event: 2.457 Thread 0x0000000018ae2800 3102   !   2       java.nio.channels.spi.AbstractInterruptibleChannel::close (37 bytes)
Event: 2.457 Thread 0x0000000018ae2800 nmethod 3102 0x0000000003e73c10 code [0x0000000003e73d80, 0x0000000003e74108]
Event: 2.458 Thread 0x0000000018ae2800 3103       2       org.apache.maven.model.DistributionManagement::setRepository (6 bytes)
Event: 2.458 Thread 0x0000000018ae2800 nmethod 3103 0x0000000003e74210 code [0x0000000003e74360, 0x0000000003e744d0]
Event: 2.465 Thread 0x0000000018ae2800 3104       2       org.apache.maven.model.merge.MavenModelMerger::mergeDistributionManagement_Repository (67 bytes)
Event: 2.465 Thread 0x0000000018ae2800 nmethod 3104 0x0000000003e74550 code [0x0000000003e74700, 0x0000000003e74b08]
Event: 2.465 Thread 0x0000000018ae2800 3106       2       org.apache.maven.model.Scm::setTag (6 bytes)
Event: 2.465 Thread 0x0000000018ae2800 nmethod 3106 0x0000000003e74e90 code [0x0000000003e74fe0, 0x0000000003e75150]
Event: 2.465 Thread 0x0000000018ae2800 3105       2       org.apache.maven.model.merge.MavenModelMerger::mergeDistributionManagement_SnapshotRepository (67 bytes)
Event: 2.465 Thread 0x0000000018ae2800 nmethod 3105 0x0000000003e751d0 code [0x0000000003e75380, 0x0000000003e75788]
Event: 2.465 Thread 0x0000000018ae2800 3107       2       org.apache.maven.model.PluginExecution::setPhase (6 bytes)
Event: 2.466 Thread 0x0000000018ae2800 nmethod 3107 0x0000000003e75b10 code [0x0000000003e75c60, 0x0000000003e75dd0]
Event: 2.466 Thread 0x0000000018ae2800 3108       3       org.apache.maven.model.management.DefaultDependencyManagementInjector$ManagementModelMerger::mergeManagedDependencies (151 bytes)
Event: 2.466 Thread 0x0000000018ae2800 nmethod 3108 0x0000000003e75e50 code [0x0000000003e76180, 0x0000000003e77d28]
Event: 2.466 Thread 0x0000000018ae2800 3109       1       org.eclipse.aether.resolution.ArtifactDescriptorRequest::getTrace (5 bytes)
Event: 2.466 Thread 0x0000000018ae2800 nmethod 3109 0x0000000003e39e10 code [0x0000000003e39f60, 0x0000000003e3a070]
Event: 2.474 Thread 0x0000000018ae2800 3111       2       org.apache.maven.model.interpolation.StringVisitorModelInterpolator$ModelVisitor::visit (156 bytes)
Event: 2.474 Thread 0x0000000018ae2800 nmethod 3111 0x0000000003e78b90 code [0x0000000003e78e60, 0x0000000003e79898]
Event: 2.474 Thread 0x0000000018ae2800 3113       2       org.apache.maven.model.interpolation.StringVisitorModelInterpolator$ModelVisitor::visit (89 bytes)
Event: 2.475 Thread 0x0000000018ae2800 nmethod 3113 0x0000000003e7a010 code [0x0000000003e7a1e0, 0x0000000003e7a678]
Event: 2.475 Thread 0x0000000018ae2800 3112       2       org.apache.maven.model.interpolation.StringVisitorModelInterpolator$ModelVisitor::visit (58 bytes)
Event: 2.475 Thread 0x0000000018ae2800 nmethod 3112 0x0000000003e7a9d0 code [0x0000000003e7aba0, 0x0000000003e7af28]
Event: 2.480 Thread 0x0000000018ae2800 3114       2       org.eclipse.aether.internal.impl.collect.DefaultDependencyCollector::cachedResolveRangeResult (45 bytes)
Event: 2.480 Thread 0x0000000018ae2800 nmethod 3114 0x0000000003e7b250 code [0x0000000003e7b400, 0x0000000003e7b7d8]
Event: 2.480 Thread 0x0000000018ae2800 3115   !   2       org.eclipse.aether.internal.impl.collect.DefaultDependencyCollector::filterVersions (196 bytes)
Event: 2.481 Thread 0x0000000018ae2800 nmethod 3115 0x0000000003e7bb50 code [0x0000000003e7be60, 0x0000000003e7cb48]
Event: 2.481 Thread 0x0000000018ae2800 3116       2       org.eclipse.aether.internal.impl.collect.DefaultDependencyCollector::createArtifactDescriptorRequest (46 bytes)
Event: 2.481 Thread 0x0000000018ae2800 nmethod 3116 0x0000000003e7d750 code [0x0000000003e7d8c0, 0x0000000003e7db50]
Event: 2.481 Thread 0x0000000018ae2800 3117   !   2       org.eclipse.aether.internal.impl.collect.DefaultDependencyCollector::resolveCachedArtifactDescriptor (84 bytes)
Event: 2.481 Thread 0x0000000018ae2800 nmethod 3117 0x0000000003e7dc90 code [0x0000000003e7de60, 0x0000000003e7e3c8]
Event: 2.482 Thread 0x0000000018ae2800 3118       2       java.lang.CharacterDataLatin1::isOtherUppercase (18 bytes)
Event: 2.482 Thread 0x0000000018ae2800 nmethod 3118 0x0000000003e7e990 code [0x0000000003e7eae0, 0x0000000003e7ec70]
Event: 2.482 Thread 0x0000000018ae2800 3119       2       java.lang.CharacterDataLatin1::getPropertiesEx (11 bytes)
Event: 2.482 Thread 0x0000000018ae2800 nmethod 3119 0x0000000003e7ed90 code [0x0000000003e7eee0, 0x0000000003e7f070]
Event: 2.485 Thread 0x0000000018ae2800 3120       2       org.apache.maven.model.merge.ModelMerger::mergeOrganization_Name (41 bytes)
Event: 2.485 Thread 0x0000000018ae2800 nmethod 3120 0x0000000003e7f150 code [0x0000000003e7f2c0, 0x0000000003e7f4b8]
Event: 2.485 Thread 0x0000000018ae2800 3121       2       org.apache.maven.model.merge.ModelMerger::mergeOrganization_Url (41 bytes)
Event: 2.485 Thread 0x0000000018ae2800 nmethod 3121 0x0000000003e7f610 code [0x0000000003e7f780, 0x0000000003e7f978]
Event: 2.489 Thread 0x0000000018ae2800 3122   !   2       org.apache.maven.model.DistributionManagement::clone (145 bytes)
Event: 2.489 Thread 0x0000000018ae2800 nmethod 3122 0x0000000003e7fad0 code [0x0000000003e7fd00, 0x0000000003e80498]
Event: 2.490 Thread 0x0000000018ae2800 3123       3       org.apache.maven.model.interpolation.StringVisitorModelInterpolator$ModelVisitor::visit (84 bytes)
Event: 2.490 Thread 0x0000000018ae2800 nmethod 3123 0x0000000003e80bd0 code [0x0000000003e80de0, 0x0000000003e818c8]
Event: 2.491 Thread 0x0000000018ae2800 3124       2       org.eclipse.aether.graph.DefaultDependencyNode::<init> (72 bytes)
Event: 2.492 Thread 0x0000000018ae2800 nmethod 3124 0x0000000003e81c90 code [0x0000000003e81e00, 0x0000000003e820c8]
Event: 2.492 Thread 0x0000000018ae2800 3125       2       org.eclipse.aether.internal.impl.collect.DefaultDependencyCollector$PremanagedDependency::applyTo (66 bytes)
Event: 2.492 Thread 0x0000000018ae2800 nmethod 3125 0x0000000003e821d0 code [0x0000000003e82360, 0x0000000003e825c8]
Event: 2.492 Thread 0x0000000018ae2800 3126       2       org.eclipse.aether.internal.impl.collect.DefaultDependencyCollector::doRecurse (233 bytes)
Event: 2.492 Thread 0x0000000018ae2800 nmethod 3126 0x0000000003e82710 code [0x0000000003e82940, 0x0000000003e831e8]
Event: 2.492 Thread 0x0000000018ae2800 3129       2       java.util.Objects::hash (5 bytes)
Event: 2.492 Thread 0x0000000018ae2800 nmethod 3129 0x0000000003e83d10 code [0x0000000003e83e60, 0x0000000003e83fa8]
Event: 2.492 Thread 0x0000000018ae2800 3130       2       org.eclipse.aether.util.graph.selector.AndDependencySelector::hashCode (35 bytes)
Event: 2.493 Thread 0x0000000018ae2800 nmethod 3130 0x0000000003e84050 code [0x0000000003e841c0, 0x0000000003e84368]
Event: 2.493 Thread 0x0000000018ae2800 3131       2       org.eclipse.aether.util.graph.manager.ClassicDependencyManager::hashCode (90 bytes)
Event: 2.493 Thread 0x0000000018ae2800 nmethod 3131 0x0000000003e84410 code [0x0000000003e845a0, 0x0000000003e84818]
Event: 2.493 Thread 0x0000000018ae2800 3132       2       org.eclipse.aether.util.graph.traverser.FatArtifactTraverser::hashCode (8 bytes)
Event: 2.493 Thread 0x0000000018ae2800 nmethod 3132 0x0000000003e84910 code [0x0000000003e84a80, 0x0000000003e84c08]
Event: 2.493 Thread 0x0000000018ae2800 3128       2       org.eclipse.aether.graph.Dependency$Exclusions$1::next (5 bytes)
Event: 2.493 Thread 0x0000000018ae2800 nmethod 3128 0x0000000003e84c90 code [0x0000000003e84e00, 0x0000000003e85048]
Event: 2.493 Thread 0x0000000018ae2800 3127       2       org.eclipse.aether.internal.impl.collect.NodeStack::pop (28 bytes)
Event: 2.493 Thread 0x0000000018ae2800 nmethod 3127 0x0000000003e85290 code [0x0000000003e85400, 0x0000000003e85628]
Event: 2.493 Thread 0x0000000018ae2800 3133       2       org.eclipse.aether.internal.impl.collect.DataPool$GraphKey::<init> (77 bytes)
Event: 2.493 Thread 0x0000000018ae2800 nmethod 3133 0x0000000003e85710 code [0x0000000003e858a0, 0x0000000003e85de8]
Event: 2.495 Thread 0x0000000018ae2800 3134       2       org.apache.maven.model.io.xpp3.MavenXpp3Reader::parseParent (256 bytes)
Event: 2.495 Thread 0x0000000018ae2800 nmethod 3134 0x0000000003e860d0 code [0x0000000003e863a0, 0x0000000003e87018]
Event: 2.495 Thread 0x0000000018ae2800 3135       2       org.apache.maven.model.building.ModelData::<init> (15 bytes)
Event: 2.496 Thread 0x0000000018ae2800 nmethod 3135 0x0000000003e87d50 code [0x0000000003e87ea0, 0x0000000003e88010]
Event: 2.496 Thread 0x0000000018ae2800 3136       2       java.util.Formatter$Flags::<init> (10 bytes)
Event: 2.496 Thread 0x0000000018ae2800 nmethod 3136 0x0000000003e88090 code [0x0000000003e881e0, 0x0000000003e88330]
Event: 2.497 Thread 0x0000000018ae2800 3137       2       org.codehaus.plexus.interpolation.ObjectBasedValueSource::<init> (11 bytes)
Event: 2.497 Thread 0x0000000018ae2800 nmethod 3137 0x0000000003e883d0 code [0x0000000003e88520, 0x0000000003e88710]
Event: 2.497 Thread 0x0000000018ae2800 3138       2       org.apache.maven.model.building.DefaultModelProblemCollector::<init> (77 bytes)
Event: 2.498 Thread 0x0000000018ae2800 nmethod 3138 0x0000000003e887d0 code [0x0000000003e88980, 0x0000000003e88cf8]
Event: 2.498 Thread 0x0000000018ae2800 3139       2       java.util.EnumSet::noneOf (63 bytes)
Event: 2.498 Thread 0x0000000018ae2800 nmethod 3139 0x0000000003e88f10 code [0x0000000003e89100, 0x0000000003e896e8]
Event: 2.498 Thread 0x0000000018ae2800 3140       2       java.util.EnumSet::getUniverse (10 bytes)
Event: 2.498 Thread 0x0000000018ae2800 nmethod 3140 0x0000000003e89b50 code [0x0000000003e89cc0, 0x0000000003e89e88]
Event: 2.498 Thread 0x0000000018ae2800 3141       2       java.lang.System$2::getEnumConstantsShared (8 bytes)
Event: 2.498 Thread 0x0000000018ae2800 nmethod 3141 0x0000000003e89fd0 code [0x0000000003e8a140, 0x0000000003e8a2e8]
Event: 2.498 Thread 0x0000000018ae2800 3142       2       java.util.RegularEnumSet::<init> (12 bytes)
Event: 2.498 Thread 0x0000000018ae2800 nmethod 3142 0x0000000003e8a3d0 code [0x0000000003e8a520, 0x0000000003e8a6b0]
Event: 2.498 Thread 0x0000000018ae2800 3143       2       java.util.EnumSet::<init> (15 bytes)
Event: 2.498 Thread 0x0000000018ae2800 nmethod 3143 0x0000000003e8a750 code [0x0000000003e8a8a0, 0x0000000003e8aa10]
Event: 2.510 Thread 0x0000000018ae2800 3144   !   2       org.apache.maven.model.Plugin::clone (204 bytes)
Event: 2.510 Thread 0x0000000018ae2800 nmethod 3144 0x0000000003e8aa90 code [0x0000000003e8ad20, 0x0000000003e8b758]
Event: 2.513 Thread 0x0000000018ae2800 3145       2       java.util.IdentityHashMap::put (137 bytes)
Event: 2.514 Thread 0x0000000018ae2800 nmethod 3145 0x0000000003e8c190 code [0x0000000003e8c320, 0x0000000003e8c838]
Event: 2.514 Thread 0x0000000018ae2800 3146       2       java.util.Collections::singleton (9 bytes)
Event: 2.514 Thread 0x0000000018ae2800 nmethod 3146 0x0000000003e8cbd0 code [0x0000000003e8cd20, 0x0000000003e8ceb0]
Event: 2.514 Thread 0x0000000018ae2800 3152       2       org.eclipse.aether.util.graph.transformer.ConflictMarker::analyze (356 bytes)
Event: 2.514 Thread 0x0000000018ae2800 nmethod 3152 0x0000000003e8cf50 code [0x0000000003e8d1e0, 0x0000000003e8dbc8]
Event: 2.514 Thread 0x0000000018ae2800 3154       2       java.util.AbstractCollection::containsAll (38 bytes)
Event: 2.515 Thread 0x0000000018ae2800 nmethod 3154 0x0000000003e8e5d0 code [0x0000000003e8e760, 0x0000000003e8e9d8]
Event: 2.515 Thread 0x0000000018ae2800 3151       2       org.eclipse.aether.util.graph.transformer.ConflictMarker$Key::equals (123 bytes)
Event: 2.515 Thread 0x0000000018ae2800 nmethod 3151 0x0000000003e8eb10 code [0x0000000003e8ed20, 0x0000000003e8f178]
Event: 2.515 Thread 0x0000000018ae2800 3148       1       org.eclipse.aether.graph.DefaultDependencyNode::getDependency (5 bytes)
Event: 2.515 Thread 0x0000000018ae2800 nmethod 3148 0x0000000003e8f450 code [0x0000000003e8f5a0, 0x0000000003e8f6b0]
Event: 2.515 Thread 0x0000000018ae2800 3149       1       org.eclipse.aether.graph.DefaultDependencyNode::getRelocations (5 bytes)
Event: 2.515 Thread 0x0000000018ae2800 nmethod 3149 0x0000000003e8f710 code [0x0000000003e8f860, 0x0000000003e8f970]
Event: 2.515 Thread 0x0000000018ae2800 3150       1       org.eclipse.aether.graph.DefaultDependencyNode::getAliases (5 bytes)
Event: 2.515 Thread 0x0000000018ae2800 nmethod 3150 0x0000000003e8f9d0 code [0x0000000003e8fb20, 0x0000000003e8fc30]
Event: 2.515 Thread 0x0000000018ae2800 3158       2       java.util.IdentityHashMap$IdentityHashMapIterator::hasNext (50 bytes)
Event: 2.515 Thread 0x0000000018ae2800 nmethod 3158 0x0000000003e8fc90 code [0x0000000003e8fe00, 0x0000000003e8fff0]
Event: 2.515 Thread 0x0000000018ae2800 3153       2       org.eclipse.aether.util.graph.transformer.ConflictMarker$Key::hashCode (77 bytes)
Event: 2.515 Thread 0x0000000018ae2800 nmethod 3153 0x0000000003e90110 code [0x0000000003e902e0, 0x0000000003e905b8]
Event: 2.515 Thread 0x0000000018ae2800 3147       2       java.util.Collections$SingletonSet::<init> (10 bytes)
Event: 2.515 Thread 0x0000000018ae2800 nmethod 3147 0x0000000003e907d0 code [0x0000000003e90920, 0x0000000003e90a90]
Event: 2.515 Thread 0x0000000018ae2800 3155       2       org.eclipse.aether.util.graph.transformer.ConflictMarker::toKey (9 bytes)
Event: 2.515 Thread 0x0000000018ae2800 nmethod 3155 0x0000000003e90b10 code [0x0000000003e90c60, 0x0000000003e90df0]
Event: 2.515 Thread 0x0000000018ae2800 3157       2       org.eclipse.aether.util.graph.transformer.ConflictMarker$Key::<init> (10 bytes)
Event: 2.515 Thread 0x0000000018ae2800 nmethod 3157 0x0000000003e90e90 code [0x0000000003e90fe0, 0x0000000003e91150]
Event: 2.515 Thread 0x0000000018ae2800 3159       2       java.util.IdentityHashMap$KeyIterator::next (13 bytes)
Event: 2.516 Thread 0x0000000018ae2800 nmethod 3159 0x0000000003e911d0 code [0x0000000003e91340, 0x0000000003e91508]
Event: 2.516 Thread 0x0000000018ae2800 3160       2       java.util.IdentityHashMap$IdentityHashMapIterator::nextIndex (72 bytes)
Event: 2.516 Thread 0x0000000018ae2800 nmethod 3160 0x0000000003e91610 code [0x0000000003e917a0, 0x0000000003e91ac8]
Event: 2.516 Thread 0x0000000018ae2800 3163       2       org.eclipse.aether.util.graph.transformer.ConflictIdSorter::buildConflitIdDAG (145 bytes)
Event: 2.516 Thread 0x0000000018ae2800 nmethod 3163 0x0000000003e91c50 code [0x0000000003e91e60, 0x0000000003e923f8]
Event: 2.516 Thread 0x0000000018ae2800 3166       2       org.eclipse.aether.util.graph.transformer.ConflictIdSorter$ConflictId::pullup (54 bytes)
Event: 2.516 Thread 0x0000000018ae2800 nmethod 3166 0x0000000003e92890 code [0x0000000003e92a20, 0x0000000003e92cb8]
Event: 2.516 Thread 0x0000000018ae2800 3156       2       org.eclipse.aether.util.graph.transformer.ConflictMarker::getKeys (191 bytes)
Event: 2.517 Thread 0x0000000018ae2800 nmethod 3156 0x0000000003e92e50 code [0x0000000003e930a0, 0x0000000003e939b8]
Event: 2.517 Thread 0x0000000018ae2800 3162       2       java.util.HashSet::isEmpty (8 bytes)
Event: 2.517 Thread 0x0000000018ae2800 nmethod 3162 0x0000000003e94050 code [0x0000000003e941a0, 0x0000000003e94310]
Event: 2.517 Thread 0x0000000018ae2800 3164       2       org.eclipse.aether.util.graph.transformer.ConflictIdSorter$ConflictId::add (47 bytes)
Event: 2.517 Thread 0x0000000018ae2800 nmethod 3164 0x0000000003e943d0 code [0x0000000003e94540, 0x0000000003e947f8]
Event: 2.517 Thread 0x0000000018ae2800 3165       2       org.eclipse.aether.util.graph.transformer.ConflictIdSorter$ConflictId::hashCode (8 bytes)
Event: 2.517 Thread 0x0000000018ae2800 nmethod 3165 0x0000000003e94950 code [0x0000000003e94ac0, 0x0000000003e94c48]
Event: 2.517 Thread 0x0000000018ae2800 3161       2       java.util.HashMap::keySet (25 bytes)
Event: 2.517 Thread 0x0000000018ae2800 nmethod 3161 0x0000000003e94cd0 code [0x0000000003e94e20, 0x0000000003e94ff0]
Event: 2.518 Thread 0x0000000018ae2800 3167       2       java.util.HashMap::get (23 bytes)
Event: 2.518 Thread 0x0000000018ae2800 nmethod 3167 0x0000000003e95090 code [0x0000000003e95200, 0x0000000003e953f8]
Event: 2.518 Thread 0x0000000018ae2800 3168       2       java.util.HashMap::getNode (148 bytes)
Event: 2.519 Thread 0x0000000018ae2800 nmethod 3168 0x0000000003e95510 code [0x0000000003e956a0, 0x0000000003e95a68]
Event: 2.519 Thread 0x0000000018ae2800 3169       2       java.util.HashMap::hash (20 bytes)
Event: 2.519 Thread 0x0000000018ae2800 nmethod 3169 0x0000000003e95cd0 code [0x0000000003e95e40, 0x0000000003e95fa8]
Event: 2.519 Thread 0x0000000018ae2800 3170       2       org.eclipse.aether.util.graph.transformer.ConflictResolver::gatherConflictItems (111 bytes)
Event: 2.519 Thread 0x0000000018ae2800 nmethod 3170 0x0000000003e96050 code [0x0000000003e96260, 0x0000000003e96728]
Event: 2.519 Thread 0x0000000018ae2800 3174       2       org.eclipse.aether.util.graph.transformer.ConflictResolver$State::push (447 bytes)
Event: 2.520 Thread 0x0000000018ae2800 nmethod 3174 0x0000000003e96a90 code [0x0000000003e96de0, 0x0000000003e97b98]
Event: 2.520 Thread 0x0000000018ae2800 3171       2       java.lang.Integer::equals (29 bytes)
Event: 2.520 Thread 0x0000000018ae2800 nmethod 3171 0x0000000003e98810 code [0x0000000003e98960, 0x0000000003e98b50]
Event: 2.520 Thread 0x0000000018ae2800 3172       1       org.eclipse.aether.graph.DefaultDependencyNode::getManagedBits (5 bytes)
Event: 2.520 Thread 0x0000000018ae2800 nmethod 3172 0x0000000003e98c10 code [0x0000000003e98d60, 0x0000000003e98e70]
Event: 2.520 Thread 0x0000000018ae2800 3173       2       org.eclipse.aether.util.graph.transformer.ConflictResolver$State::loser (29 bytes)
Event: 2.520 Thread 0x0000000018ae2800 nmethod 3173 0x0000000003e98ed0 code [0x0000000003e99040, 0x0000000003e99248]
Event: 2.520 Thread 0x0000000018ae2800 3177       2       org.eclipse.aether.util.graph.transformer.ConflictResolver$State::scope (13 bytes)
Event: 2.520 Thread 0x0000000018ae2800 nmethod 3177 0x0000000003e99310 code [0x0000000003e99460, 0x0000000003e995d0]
Event: 2.520 Thread 0x0000000018ae2800 3175       2       org.eclipse.aether.graph.Dependency::isOptional (11 bytes)
Event: 2.520 Thread 0x0000000018ae2800 nmethod 3175 0x0000000003e99690 code [0x0000000003e997e0, 0x0000000003e999b0]
Event: 2.520 Thread 0x0000000018ae2800 3178       2       org.eclipse.aether.util.graph.transformer.ConflictResolver$State::deriveScope (83 bytes)
Event: 2.521 Thread 0x0000000018ae2800 nmethod 3178 0x0000000003e99a90 code [0x0000000003e99c40, 0x0000000003e99f78]
Event: 2.521 Thread 0x0000000018ae2800 3179       2       org.eclipse.aether.util.graph.transformer.ConflictResolver$State::deriveOptional (101 bytes)
Event: 2.521 Thread 0x0000000018ae2800 nmethod 3179 0x0000000003e9a190 code [0x0000000003e9a320, 0x0000000003e9a6c8]
Event: 2.521 Thread 0x0000000018ae2800 3181       2       org.eclipse.aether.util.graph.transformer.ConflictResolver$State::pop (76 bytes)
Event: 2.521 Thread 0x0000000018ae2800 nmethod 3181 0x0000000003e9a950 code [0x0000000003e9ab00, 0x0000000003e9adf8]
Event: 2.521 Thread 0x0000000018ae2800 3182       2       java.util.IdentityHashMap::remove (102 bytes)
Event: 2.521 Thread 0x0000000018ae2800 nmethod 3182 0x0000000003e9af90 code [0x0000000003e9b120, 0x0000000003e9b438]
Event: 2.521 Thread 0x0000000018ae2800 3183       2       java.util.IdentityHashMap::closeDeletion (107 bytes)
Event: 2.522 Thread 0x0000000018ae2800 nmethod 3183 0x0000000003e9b650 code [0x0000000003e9b7e0, 0x0000000003e9bc28]
Event: 2.522 Thread 0x0000000018ae2800 3185       1       org.eclipse.aether.util.graph.transformer.ConflictResolver$ConflictItem::getDepth (5 bytes)
Event: 2.522 Thread 0x0000000018ae2800 nmethod 3185 0x0000000003e9bed0 code [0x0000000003e9c020, 0x0000000003e9c130]
Event: 2.522 Thread 0x0000000018ae2800 3184       1       org.eclipse.aether.util.graph.transformer.ConflictResolver$ConflictContext::getItems (5 bytes)
Event: 2.522 Thread 0x0000000018ae2800 nmethod 3184 0x0000000003e9c190 code [0x0000000003e9c2e0, 0x0000000003e9c3f0]
Event: 2.522 Thread 0x0000000018ae2800 3180       2       org.eclipse.aether.util.graph.transformer.ConflictResolver$State::depth (10 bytes)
Event: 2.522 Thread 0x0000000018ae2800 nmethod 3180 0x0000000003e9c450 code [0x0000000003e9c5c0, 0x0000000003e9c748]
Event: 2.522 Thread 0x0000000018ae2800 3187       1       org.eclipse.aether.util.graph.transformer.ConflictResolver$ScopeContext::getParentScope (5 bytes)
Event: 2.522 Thread 0x0000000018ae2800 nmethod 3187 0x0000000003e9c7d0 code [0x0000000003e9c920, 0x0000000003e9ca30]
Event: 2.522 Thread 0x0000000018ae2800 3188       1       org.eclipse.aether.util.graph.transformer.ConflictResolver$ScopeContext::getChildScope (5 bytes)
Event: 2.522 Thread 0x0000000018ae2800 nmethod 3188 0x0000000003e9ca90 code [0x0000000003e9cbe0, 0x0000000003e9ccf0]
Event: 2.522 Thread 0x0000000018ae2800 3189       1       org.eclipse.aether.util.graph.transformer.ConflictResolver$ConflictItem::getNode (5 bytes)
Event: 2.522 Thread 0x0000000018ae2800 nmethod 3189 0x0000000003e9cd50 code [0x0000000003e9cea0, 0x0000000003e9cfb0]
Event: 2.522 Thread 0x0000000018ae2800 3190       1       org.eclipse.aether.graph.DefaultDependencyNode::getVersionConstraint (5 bytes)
Event: 2.522 Thread 0x0000000018ae2800 nmethod 3190 0x0000000003e9d010 code [0x0000000003e9d160, 0x0000000003e9d270]
Event: 2.522 Thread 0x0000000018ae2800 3191       1       org.eclipse.aether.graph.DefaultDependencyNode::getVersion (5 bytes)
Event: 2.522 Thread 0x0000000018ae2800 nmethod 3191 0x0000000003e9d2d0 code [0x0000000003e9d420, 0x0000000003e9d530]
Event: 2.522 Thread 0x0000000018ae2800 3193       2       org.eclipse.aether.util.graph.transformer.ConflictResolver$State::scopes (55 bytes)
Event: 2.522 Thread 0x0000000018ae2800 nmethod 3193 0x0000000003e9d590 code [0x0000000003e9d700, 0x0000000003e9d988]
Event: 2.522 Thread 0x0000000018ae2800 3194       1       org.eclipse.aether.util.graph.transformer.ConflictResolver$ConflictItem::getOptionalities (5 bytes)
Event: 2.522 Thread 0x0000000018ae2800 nmethod 3194 0x0000000003e9db10 code [0x0000000003e9dc60, 0x0000000003e9dd70]
Event: 2.524 Thread 0x0000000018ae2800 3195       2       java.util.IdentityHashMap::clear (39 bytes)
Event: 2.524 Thread 0x0000000018ae2800 nmethod 3195 0x0000000003e9ddd0 code [0x0000000003e9df20, 0x0000000003e9e110]
Event: 2.524 Thread 0x0000000018ae2800 3196 %     3       java.util.IdentityHashMap::clear @ 17 (39 bytes)
Event: 2.524 Thread 0x0000000018ae2800 nmethod 3196% 0x0000000003e9e210 code [0x0000000003e9e380, 0x0000000003e9e730]
Event: 2.524 Thread 0x0000000018ae2800 3197       2       org.eclipse.aether.util.graph.transformer.ConflictResolver$State::parent (34 bytes)
Event: 2.524 Thread 0x0000000018ae2800 nmethod 3197 0x0000000003e9e890 code [0x0000000003e9ea00, 0x0000000003e9ec18]
Event: 2.524 Thread 0x0000000018ae2800 3198       2       org.eclipse.aether.util.graph.transformer.ConflictResolver$State::newConflictItem (22 bytes)
Event: 2.525 Thread 0x0000000018ae2800 nmethod 3198 0x0000000003e9ecd0 code [0x0000000003e9ee60, 0x0000000003e9f0c8]
Event: 2.525 Thread 0x0000000018ae2800 3200       2       org.eclipse.aether.util.graph.transformer.ConflictResolver$State::add (85 bytes)
Event: 2.525 Thread 0x0000000018ae2800 nmethod 3200 0x0000000003e9f1d0 code [0x0000000003e9f400, 0x0000000003e9fa38]
Event: 2.525 Thread 0x0000000018ae2800 3199       2       org.eclipse.aether.util.graph.transformer.NearestVersionSelector::isAcceptable (48 bytes)
Event: 2.525 Thread 0x0000000018ae2800 nmethod 3199 0x0000000003e9fed0 code [0x0000000003ea0080, 0x0000000003ea03c8]
Event: 2.526 Thread 0x0000000018ae2800 3201       1       org.eclipse.aether.graph.DefaultDependencyNode::getRequestContext (5 bytes)
Event: 2.526 Thread 0x0000000018ae2800 nmethod 3201 0x0000000003ea0610 code [0x0000000003ea0760, 0x0000000003ea0870]
Event: 2.526 Thread 0x0000000018ae2800 3202       2       org.eclipse.aether.resolution.ArtifactRequest::setArtifact (7 bytes)
Event: 2.526 Thread 0x0000000018ae2800 nmethod 3202 0x0000000003ea08d0 code [0x0000000003ea0a20, 0x0000000003ea0b90]
Event: 2.526 Thread 0x0000000018ae2800 3203       2       org.eclipse.aether.resolution.ArtifactRequest::setRepositories (21 bytes)
Event: 2.526 Thread 0x0000000018ae2800 nmethod 3203 0x0000000003ea0c10 code [0x0000000003ea0d60, 0x0000000003ea0ef0]
Event: 2.526 Thread 0x0000000018ae2800 3204       2       org.eclipse.aether.resolution.ArtifactRequest::setRequestContext (16 bytes)
Event: 2.527 Thread 0x0000000018ae2800 nmethod 3204 0x0000000003ea0f90 code [0x0000000003ea10e0, 0x0000000003ea1250]
Event: 2.527 Thread 0x0000000018ae2800 3205       2       org.eclipse.aether.resolution.ArtifactRequest::setTrace (7 bytes)
Event: 2.527 Thread 0x0000000018ae2800 nmethod 3205 0x0000000003ea12d0 code [0x0000000003ea1420, 0x0000000003ea1590]

GC Heap History (12 events):
Event: 0.668 GC heap before
{Heap before GC invocations=1 (full 0):
 PSYoungGen      total 38400K, used 33280K [0x00000000d5f00000, 0x00000000d8980000, 0x0000000100000000)
  eden space 33280K, 100% used [0x00000000d5f00000,0x00000000d7f80000,0x00000000d7f80000)
  from space 5120K, 0% used [0x00000000d8480000,0x00000000d8480000,0x00000000d8980000)
  to   space 5120K, 0% used [0x00000000d7f80000,0x00000000d7f80000,0x00000000d8480000)
 ParOldGen       total 87552K, used 0K [0x0000000081c00000, 0x0000000087180000, 0x00000000d5f00000)
  object space 87552K, 0% used [0x0000000081c00000,0x0000000081c00000,0x0000000087180000)
 Metaspace       used 9094K, capacity 9244K, committed 9344K, reserved 1056768K
  class space    used 1006K, capacity 1080K, committed 1152K, reserved 1048576K
Event: 0.673 GC heap after
Heap after GC invocations=1 (full 0):
 PSYoungGen      total 38400K, used 5113K [0x00000000d5f00000, 0x00000000d8980000, 0x0000000100000000)
  eden space 33280K, 0% used [0x00000000d5f00000,0x00000000d5f00000,0x00000000d7f80000)
  from space 5120K, 99% used [0x00000000d7f80000,0x00000000d847e650,0x00000000d8480000)
  to   space 5120K, 0% used [0x00000000d8480000,0x00000000d8480000,0x00000000d8980000)
 ParOldGen       total 87552K, used 43K [0x0000000081c00000, 0x0000000087180000, 0x00000000d5f00000)
  object space 87552K, 0% used [0x0000000081c00000,0x0000000081c0afb0,0x0000000087180000)
 Metaspace       used 9094K, capacity 9244K, committed 9344K, reserved 1056768K
  class space    used 1006K, capacity 1080K, committed 1152K, reserved 1048576K
}
Event: 0.951 GC heap before
{Heap before GC invocations=2 (full 0):
 PSYoungGen      total 38400K, used 38393K [0x00000000d5f00000, 0x00000000d8980000, 0x0000000100000000)
  eden space 33280K, 100% used [0x00000000d5f00000,0x00000000d7f80000,0x00000000d7f80000)
  from space 5120K, 99% used [0x00000000d7f80000,0x00000000d847e650,0x00000000d8480000)
  to   space 5120K, 0% used [0x00000000d8480000,0x00000000d8480000,0x00000000d8980000)
 ParOldGen       total 87552K, used 43K [0x0000000081c00000, 0x0000000087180000, 0x00000000d5f00000)
  object space 87552K, 0% used [0x0000000081c00000,0x0000000081c0afb0,0x0000000087180000)
 Metaspace       used 12759K, capacity 12948K, committed 13184K, reserved 1060864K
  class space    used 1465K, capacity 1542K, committed 1664K, reserved 1048576K
Event: 0.956 GC heap after
Heap after GC invocations=2 (full 0):
 PSYoungGen      total 38400K, used 5102K [0x00000000d5f00000, 0x00000000daa00000, 0x0000000100000000)
  eden space 33280K, 0% used [0x00000000d5f00000,0x00000000d5f00000,0x00000000d7f80000)
  from space 5120K, 99% used [0x00000000d8480000,0x00000000d897ba68,0x00000000d8980000)
  to   space 5120K, 0% used [0x00000000d7f80000,0x00000000d7f80000,0x00000000d8480000)
 ParOldGen       total 87552K, used 2292K [0x0000000081c00000, 0x0000000087180000, 0x00000000d5f00000)
  object space 87552K, 2% used [0x0000000081c00000,0x0000000081e3d1c0,0x0000000087180000)
 Metaspace       used 12759K, capacity 12948K, committed 13184K, reserved 1060864K
  class space    used 1465K, capacity 1542K, committed 1664K, reserved 1048576K
}
Event: 1.342 GC heap before
{Heap before GC invocations=3 (full 0):
 PSYoungGen      total 38400K, used 38382K [0x00000000d5f00000, 0x00000000daa00000, 0x0000000100000000)
  eden space 33280K, 100% used [0x00000000d5f00000,0x00000000d7f80000,0x00000000d7f80000)
  from space 5120K, 99% used [0x00000000d8480000,0x00000000d897ba68,0x00000000d8980000)
  to   space 5120K, 0% used [0x00000000d7f80000,0x00000000d7f80000,0x00000000d8480000)
 ParOldGen       total 87552K, used 2292K [0x0000000081c00000, 0x0000000087180000, 0x00000000d5f00000)
  object space 87552K, 2% used [0x0000000081c00000,0x0000000081e3d1c0,0x0000000087180000)
 Metaspace       used 15848K, capacity 16040K, committed 16256K, reserved 1062912K
  class space    used 1788K, capacity 1876K, committed 1920K, reserved 1048576K
Event: 1.348 GC heap after
Heap after GC invocations=3 (full 0):
 PSYoungGen      total 38400K, used 5088K [0x00000000d5f00000, 0x00000000daa00000, 0x0000000100000000)
  eden space 33280K, 0% used [0x00000000d5f00000,0x00000000d5f00000,0x00000000d7f80000)
  from space 5120K, 99% used [0x00000000d7f80000,0x00000000d8478020,0x00000000d8480000)
  to   space 5120K, 0% used [0x00000000da500000,0x00000000da500000,0x00000000daa00000)
 ParOldGen       total 87552K, used 6233K [0x0000000081c00000, 0x0000000087180000, 0x00000000d5f00000)
  object space 87552K, 7% used [0x0000000081c00000,0x0000000082216678,0x0000000087180000)
 Metaspace       used 15848K, capacity 16040K, committed 16256K, reserved 1062912K
  class space    used 1788K, capacity 1876K, committed 1920K, reserved 1048576K
}
Event: 1.602 GC heap before
{Heap before GC invocations=4 (full 0):
 PSYoungGen      total 38400K, used 38368K [0x00000000d5f00000, 0x00000000daa00000, 0x0000000100000000)
  eden space 33280K, 100% used [0x00000000d5f00000,0x00000000d7f80000,0x00000000d7f80000)
  from space 5120K, 99% used [0x00000000d7f80000,0x00000000d8478020,0x00000000d8480000)
  to   space 5120K, 0% used [0x00000000da500000,0x00000000da500000,0x00000000daa00000)
 ParOldGen       total 87552K, used 6233K [0x0000000081c00000, 0x0000000087180000, 0x00000000d5f00000)
  object space 87552K, 7% used [0x0000000081c00000,0x0000000082216678,0x0000000087180000)
 Metaspace       used 16151K, capacity 16410K, committed 16768K, reserved 1064960K
  class space    used 1813K, capacity 1911K, committed 1920K, reserved 1048576K
Event: 1.612 GC heap after
Heap after GC invocations=4 (full 0):
 PSYoungGen      total 71680K, used 5104K [0x00000000d5f00000, 0x00000000daa00000, 0x0000000100000000)
  eden space 66560K, 0% used [0x00000000d5f00000,0x00000000d5f00000,0x00000000da000000)
  from space 5120K, 99% used [0x00000000da500000,0x00000000da9fc010,0x00000000daa00000)
  to   space 5120K, 0% used [0x00000000da000000,0x00000000da000000,0x00000000da500000)
 ParOldGen       total 87552K, used 11804K [0x0000000081c00000, 0x0000000087180000, 0x00000000d5f00000)
  object space 87552K, 13% used [0x0000000081c00000,0x00000000827870d0,0x0000000087180000)
 Metaspace       used 16151K, capacity 16410K, committed 16768K, reserved 1064960K
  class space    used 1813K, capacity 1911K, committed 1920K, reserved 1048576K
}
Event: 2.043 GC heap before
{Heap before GC invocations=5 (full 0):
 PSYoungGen      total 71680K, used 71664K [0x00000000d5f00000, 0x00000000daa00000, 0x0000000100000000)
  eden space 66560K, 100% used [0x00000000d5f00000,0x00000000da000000,0x00000000da000000)
  from space 5120K, 99% used [0x00000000da500000,0x00000000da9fc010,0x00000000daa00000)
  to   space 5120K, 0% used [0x00000000da000000,0x00000000da000000,0x00000000da500000)
 ParOldGen       total 87552K, used 11804K [0x0000000081c00000, 0x0000000087180000, 0x00000000d5f00000)
  object space 87552K, 13% used [0x0000000081c00000,0x00000000827870d0,0x0000000087180000)
 Metaspace       used 16556K, capacity 16754K, committed 17024K, reserved 1064960K
  class space    used 1816K, capacity 1915K, committed 1920K, reserved 1048576K
Event: 2.057 GC heap after
Heap after GC invocations=5 (full 0):
 PSYoungGen      total 71680K, used 5088K [0x00000000d5f00000, 0x00000000dff00000, 0x0000000100000000)
  eden space 66560K, 0% used [0x00000000d5f00000,0x00000000d5f00000,0x00000000da000000)
  from space 5120K, 99% used [0x00000000da000000,0x00000000da4f8040,0x00000000da500000)
  to   space 15360K, 0% used [0x00000000df000000,0x00000000df000000,0x00000000dff00000)
 ParOldGen       total 87552K, used 20449K [0x0000000081c00000, 0x0000000087180000, 0x00000000d5f00000)
  object space 87552K, 23% used [0x0000000081c00000,0x0000000082ff8748,0x0000000087180000)
 Metaspace       used 16556K, capacity 16754K, committed 17024K, reserved 1064960K
  class space    used 1816K, capacity 1915K, committed 1920K, reserved 1048576K
}
Event: 2.419 GC heap before
{Heap before GC invocations=6 (full 0):
 PSYoungGen      total 71680K, used 71648K [0x00000000d5f00000, 0x00000000dff00000, 0x0000000100000000)
  eden space 66560K, 100% used [0x00000000d5f00000,0x00000000da000000,0x00000000da000000)
  from space 5120K, 99% used [0x00000000da000000,0x00000000da4f8040,0x00000000da500000)
  to   space 15360K, 0% used [0x00000000df000000,0x00000000df000000,0x00000000dff00000)
 ParOldGen       total 87552K, used 20449K [0x0000000081c00000, 0x0000000087180000, 0x00000000d5f00000)
  object space 87552K, 23% used [0x0000000081c00000,0x0000000082ff8748,0x0000000087180000)
 Metaspace       used 16797K, capacity 17028K, committed 17280K, reserved 1064960K
  class space    used 1818K, capacity 1918K, committed 1920K, reserved 1048576K
Event: 2.435 GC heap after
Heap after GC invocations=6 (full 0):
 PSYoungGen      total 144896K, used 15328K [0x00000000d5f00000, 0x00000000e0600000, 0x0000000100000000)
  eden space 129536K, 0% used [0x00000000d5f00000,0x00000000d5f00000,0x00000000ddd80000)
  from space 15360K, 99% used [0x00000000df000000,0x00000000dfef8040,0x00000000dff00000)
  to   space 18944K, 0% used [0x00000000ddd80000,0x00000000ddd80000,0x00000000df000000)
 ParOldGen       total 87552K, used 21913K [0x0000000081c00000, 0x0000000087180000, 0x00000000d5f00000)
  object space 87552K, 25% used [0x0000000081c00000,0x0000000083166748,0x0000000087180000)
 Metaspace       used 16797K, capacity 17028K, committed 17280K, reserved 1064960K
  class space    used 1818K, capacity 1918K, committed 1920K, reserved 1048576K
}

Deoptimization events (51 events):
Event: 0.594 Thread 0x0000000003367800 Uncommon trap: reason=unstable_if action=reinterpret pc=0x00000000036a4590 method=java.util.HashMap.getNode(ILjava/lang/Object;)Ljava/util/HashMap$Node; @ 129
Event: 0.599 Thread 0x0000000003367800 Uncommon trap: reason=unstable_if action=reinterpret pc=0x000000000360bca4 method=org.codehaus.plexus.util.xml.pull.MXParser.more()C @ 8
Event: 0.622 Thread 0x0000000003367800 Uncommon trap: reason=unstable_if action=reinterpret pc=0x0000000003709c94 method=java.nio.charset.CoderResult.isOverflow()Z @ 5
Event: 0.637 Thread 0x0000000003367800 Uncommon trap: reason=unstable_if action=reinterpret pc=0x000000000370f368 method=sun.nio.cs.StreamDecoder.implRead([CII)I @ 197
Event: 0.648 Thread 0x0000000003367800 Uncommon trap: reason=unstable_if action=reinterpret pc=0x000000000372055c method=sun.nio.cs.StreamDecoder.implRead([CII)I @ 197
Event: 0.688 Thread 0x0000000003367800 Uncommon trap: reason=unstable_if action=reinterpret pc=0x00000000036aefc0 method=java.util.HashMap.getNode(ILjava/lang/Object;)Ljava/util/HashMap$Node; @ 129
Event: 0.695 Thread 0x0000000003367800 Uncommon trap: reason=range_check action=make_not_entrant pc=0x0000000003767720 method=sun.reflect.generics.parser.SignatureParser.current()C @ 34
Event: 0.779 Thread 0x0000000003367800 Uncommon trap: reason=unstable_if action=reinterpret pc=0x000000000376d4f4 method=java.lang.String.lastIndexOf([CII[CIII)I @ 118
Event: 1.135 Thread 0x0000000003367800 Uncommon trap: reason=unstable_if action=reinterpret pc=0x0000000003726bc4 method=org.codehaus.plexus.util.xml.pull.MXParser.nextImpl()I @ 972
Event: 1.137 Thread 0x0000000003367800 Uncommon trap: reason=unstable_if action=reinterpret pc=0x000000000360d104 method=java.lang.AbstractStringBuilder.append(Ljava/lang/String;)Ljava/lang/AbstractStringBuilder; @ 1
Event: 1.137 Thread 0x0000000003367800 Uncommon trap: reason=unstable_if action=reinterpret pc=0x0000000003602040 method=java.lang.AbstractStringBuilder.append(Ljava/lang/String;)Ljava/lang/AbstractStringBuilder; @ 1
Event: 1.155 Thread 0x0000000003367800 Uncommon trap: reason=unstable_if action=reinterpret pc=0x00000000035e12c4 method=java.lang.String.replace(CC)Ljava/lang/String; @ 2
Event: 1.162 Thread 0x0000000003367800 Uncommon trap: reason=bimorphic action=maybe_recompile pc=0x00000000037d8ce4 method=java.util.HashMap.putVal(ILjava/lang/Object;Ljava/lang/Object;ZZ)Ljava/lang/Object; @ 203
Event: 1.178 Thread 0x0000000003367800 Uncommon trap: reason=bimorphic action=maybe_recompile pc=0x00000000037d8ce4 method=java.util.HashMap.putVal(ILjava/lang/Object;Ljava/lang/Object;ZZ)Ljava/lang/Object; @ 203
Event: 1.182 Thread 0x0000000003367800 Uncommon trap: reason=bimorphic action=maybe_recompile pc=0x00000000037d8ce4 method=java.util.HashMap.putVal(ILjava/lang/Object;Ljava/lang/Object;ZZ)Ljava/lang/Object; @ 203
Event: 1.182 Thread 0x0000000003367800 Uncommon trap: reason=bimorphic action=maybe_recompile pc=0x00000000037d8ce4 method=java.util.HashMap.putVal(ILjava/lang/Object;Ljava/lang/Object;ZZ)Ljava/lang/Object; @ 203
Event: 1.182 Thread 0x0000000003367800 Uncommon trap: reason=bimorphic action=maybe_recompile pc=0x00000000037d4b2c method=java.util.HashMap.putVal(ILjava/lang/Object;Ljava/lang/Object;ZZ)Ljava/lang/Object; @ 203
Event: 1.203 Thread 0x0000000003367800 Uncommon trap: reason=unstable_if action=reinterpret pc=0x0000000003687d90 method=java.lang.String.startsWith(Ljava/lang/String;I)Z @ 25
Event: 1.208 Thread 0x0000000003367800 Uncommon trap: reason=unstable_if action=reinterpret pc=0x00000000035ce368 method=java.lang.String.startsWith(Ljava/lang/String;I)Z @ 25
Event: 1.217 Thread 0x0000000003367800 Uncommon trap: reason=bimorphic action=maybe_recompile pc=0x000000000396fc3c method=java.util.regex.Pattern$CharProperty.match(Ljava/util/regex/Matcher;ILjava/lang/CharSequence;)Z @ 37
Event: 1.218 Thread 0x0000000003367800 Uncommon trap: reason=bimorphic action=maybe_recompile pc=0x000000000396fc3c method=java.util.regex.Pattern$CharProperty.match(Ljava/util/regex/Matcher;ILjava/lang/CharSequence;)Z @ 37
Event: 1.223 Thread 0x0000000003367800 Uncommon trap: reason=unstable_if action=reinterpret pc=0x00000000039c2324 method=org.codehaus.plexus.util.xml.pull.MXParser.nextImpl()I @ 835
Event: 1.224 Thread 0x0000000003367800 Uncommon trap: reason=bimorphic action=maybe_recompile pc=0x000000000396fc3c method=java.util.regex.Pattern$CharProperty.match(Ljava/util/regex/Matcher;ILjava/lang/CharSequence;)Z @ 37
Event: 1.224 Thread 0x0000000003367800 Uncommon trap: reason=bimorphic action=maybe_recompile pc=0x000000000396fc3c method=java.util.regex.Pattern$CharProperty.match(Ljava/util/regex/Matcher;ILjava/lang/CharSequence;)Z @ 37
Event: 1.226 Thread 0x0000000003367800 Uncommon trap: reason=unstable_if action=reinterpret pc=0x00000000037777bc method=sun.nio.cs.UTF_8$Decoder.decode([BII[C)I @ 30
Event: 1.226 Thread 0x0000000003367800 Uncommon trap: reason=unstable_if action=reinterpret pc=0x0000000003702e50 method=sun.nio.cs.UTF_8$Decoder.decodeArrayLoop(Ljava/nio/ByteBuffer;Ljava/nio/CharBuffer;)Ljava/nio/charset/CoderResult; @ 84
Event: 1.242 Thread 0x0000000003367800 Uncommon trap: reason=unstable_if action=reinterpret pc=0x0000000003a3d524 method=org.codehaus.plexus.util.xml.pull.MXParser.nextImpl()I @ 1161
Event: 1.279 Thread 0x0000000003367800 Uncommon trap: reason=null_check action=make_not_entrant pc=0x0000000003a9121c method=org.apache.maven.model.io.xpp3.MavenXpp3Reader.checkFieldWithDuplicate(Lorg/codehaus/plexus/util/xml/pull/XmlPullParser;Ljava/lang/String;Ljava/lang/String;Ljava/util/Se
Event: 1.323 Thread 0x0000000003367800 Uncommon trap: reason=unstable_if action=reinterpret pc=0x0000000003a8760c method=org.codehaus.plexus.util.xml.pull.MXParser.nextImpl()I @ 280
Event: 1.324 Thread 0x0000000003367800 Uncommon trap: reason=class_check action=maybe_recompile pc=0x0000000003a938cc method=java.util.regex.Pattern$7.isSatisfiedBy(I)Z @ 16
Event: 1.324 Thread 0x0000000003367800 Uncommon trap: reason=class_check action=maybe_recompile pc=0x0000000003a938cc method=java.util.regex.Pattern$7.isSatisfiedBy(I)Z @ 16
Event: 1.324 Thread 0x0000000003367800 Uncommon trap: reason=class_check action=maybe_recompile pc=0x0000000003a938cc method=java.util.regex.Pattern$7.isSatisfiedBy(I)Z @ 16
Event: 1.324 Thread 0x0000000003367800 Uncommon trap: reason=class_check action=maybe_recompile pc=0x0000000003a938cc method=java.util.regex.Pattern$7.isSatisfiedBy(I)Z @ 16
Event: 1.332 Thread 0x0000000003367800 Uncommon trap: reason=unstable_if action=reinterpret pc=0x0000000003ae2a9c method=java.lang.String.trim()Ljava/lang/String; @ 63
Event: 1.371 Thread 0x0000000003367800 Uncommon trap: reason=unstable_if action=reinterpret pc=0x0000000003778810 method=java.lang.String.regionMatches(ZILjava/lang/String;II)Z @ 25
Event: 1.379 Thread 0x0000000003367800 Uncommon trap: reason=unstable_if action=reinterpret pc=0x0000000003a64e8c method=org.apache.maven.model.validation.DefaultModelValidator.isValidIdCharacter(C)Z @ 15
Event: 1.429 Thread 0x0000000003367800 Uncommon trap: reason=unstable_if action=reinterpret pc=0x0000000003acc7b4 method=java.util.HashMap.hash(Ljava/lang/Object;)I @ 1
Event: 1.429 Thread 0x0000000003367800 Uncommon trap: reason=unstable_if action=reinterpret pc=0x0000000003a6936c method=java.util.HashMap.hash(Ljava/lang/Object;)I @ 1
Event: 1.429 Thread 0x0000000003367800 Uncommon trap: reason=unstable_if action=reinterpret pc=0x00000000037dfcbc method=java.util.HashMap.hash(Ljava/lang/Object;)I @ 1
Event: 1.430 Thread 0x0000000003367800 Uncommon trap: reason=unstable_if action=reinterpret pc=0x00000000039df230 method=java.util.HashMap.hash(Ljava/lang/Object;)I @ 1
Event: 1.448 Thread 0x0000000003367800 Uncommon trap: reason=unstable_if action=reinterpret pc=0x0000000003a38470 method=java.lang.String.trim()Ljava/lang/String; @ 63
Event: 1.648 Thread 0x0000000003367800 Uncommon trap: reason=null_check action=make_not_entrant pc=0x0000000003c17eac method=org.apache.maven.model.validation.DefaultModelValidator.validateEffectiveDependency(Lorg/apache/maven/model/building/ModelProblemCollector;Lorg/apache/maven/model/Depend
Event: 1.667 Thread 0x0000000003367800 Uncommon trap: reason=predicate action=maybe_recompile pc=0x0000000003715f50 method=java.nio.charset.CharsetDecoder.decode(Ljava/nio/ByteBuffer;Ljava/nio/CharBuffer;Z)Ljava/nio/charset/CoderResult; @ 54
Event: 1.804 Thread 0x0000000003367800 Uncommon trap: reason=unstable_if action=reinterpret pc=0x0000000003a9195c method=java.util.LinkedHashMap.afterNodeInsertion(Z)V @ 18
Event: 1.881 Thread 0x0000000003367800 Uncommon trap: reason=unstable_if action=reinterpret pc=0x0000000003b73a48 method=java.util.regex.Pattern$Curly.match0(Ljava/util/regex/Matcher;IILjava/lang/CharSequence;)Z @ 5
Event: 1.980 Thread 0x0000000003367800 Uncommon trap: reason=unstable_if action=reinterpret pc=0x0000000003badaa4 method=org.codehaus.plexus.util.xml.pull.MXParser.parseAttribute()C @ 995
Event: 2.242 Thread 0x0000000003367800 Uncommon trap: reason=bimorphic action=maybe_recompile pc=0x0000000003ce99c4 method=org.apache.maven.model.merge.ModelMerger$DependencyKeyComputer.key(Lorg/apache/maven/model/Dependency;)Ljava/lang/Object; @ 5
Event: 2.510 Thread 0x0000000003367800 Uncommon trap: reason=unstable_if action=reinterpret pc=0x0000000003e3fd84 method=org.apache.maven.model.Plugin.clone()Lorg/apache/maven/model/Plugin; @ 140
Event: 2.518 Thread 0x0000000003367800 Uncommon trap: reason=unstable_if action=reinterpret pc=0x0000000003bfd2cc method=java.util.HashMap.getNode(ILjava/lang/Object;)Ljava/util/HashMap$Node; @ 53
Event: 2.518 Thread 0x0000000003367800 Uncommon trap: reason=unstable_if action=reinterpret pc=0x00000000037dc4e8 method=java.util.HashMap.hash(Ljava/lang/Object;)I @ 1
Event: 2.518 Thread 0x0000000003367800 Uncommon trap: reason=unstable_if action=reinterpret pc=0x00000000037d5784 method=java.util.HashMap.getNode(ILjava/lang/Object;)Ljava/util/HashMap$Node; @ 53

Classes redefined (0 events):
No events

Internal exceptions (32 events):
Event: 0.033 Thread 0x0000000003367800 Exception <a 'java/lang/NoSuchMethodError': Method sun.misc.Unsafe.defineClass(Ljava/lang/String;[BII)Ljava/lang/Class; name or signature does not match> (0x00000000d5f07cb8) thrown at [C:\cygwin64\tmp\ojdkbuild\lookaside\java-1.8.0-openjdk\hotspot\src\sh
Event: 0.033 Thread 0x0000000003367800 Exception <a 'java/lang/NoSuchMethodError': Method sun.misc.Unsafe.prefetchRead(Ljava/lang/Object;J)V name or signature does not match> (0x00000000d5f07fa0) thrown at [C:\cygwin64\tmp\ojdkbuild\lookaside\java-1.8.0-openjdk\hotspot\src\share\vm\prims\jni.c
Event: 0.167 Thread 0x0000000003367800 Exception <a 'java/security/PrivilegedActionException'> (0x00000000d62a1e78) thrown at [C:\cygwin64\tmp\ojdkbuild\lookaside\java-1.8.0-openjdk\hotspot\src\share\vm\prims\jvm.cpp, line 1501]
Event: 0.167 Thread 0x0000000003367800 Exception <a 'java/security/PrivilegedActionException'> (0x00000000d62a2088) thrown at [C:\cygwin64\tmp\ojdkbuild\lookaside\java-1.8.0-openjdk\hotspot\src\share\vm\prims\jvm.cpp, line 1501]
Event: 0.168 Thread 0x0000000003367800 Exception <a 'java/security/PrivilegedActionException'> (0x00000000d62a6208) thrown at [C:\cygwin64\tmp\ojdkbuild\lookaside\java-1.8.0-openjdk\hotspot\src\share\vm\prims\jvm.cpp, line 1501]
Event: 0.168 Thread 0x0000000003367800 Exception <a 'java/security/PrivilegedActionException'> (0x00000000d62a6418) thrown at [C:\cygwin64\tmp\ojdkbuild\lookaside\java-1.8.0-openjdk\hotspot\src\share\vm\prims\jvm.cpp, line 1501]
Event: 0.168 Thread 0x0000000003367800 Exception <a 'java/security/PrivilegedActionException'> (0x00000000d62a7c48) thrown at [C:\cygwin64\tmp\ojdkbuild\lookaside\java-1.8.0-openjdk\hotspot\src\share\vm\prims\jvm.cpp, line 1501]
Event: 0.168 Thread 0x0000000003367800 Exception <a 'java/security/PrivilegedActionException'> (0x00000000d62a7e58) thrown at [C:\cygwin64\tmp\ojdkbuild\lookaside\java-1.8.0-openjdk\hotspot\src\share\vm\prims\jvm.cpp, line 1501]
Event: 0.588 Thread 0x0000000003367800 Exception <a 'java/lang/ArrayIndexOutOfBoundsException'> (0x00000000d75126e0) thrown at [C:\cygwin64\tmp\ojdkbuild\lookaside\java-1.8.0-openjdk\hotspot\src\share\vm\runtime\sharedRuntime.cpp, line 615]
Event: 0.590 Thread 0x0000000003367800 Exception <a 'java/lang/ArrayIndexOutOfBoundsException'> (0x00000000d7535230) thrown at [C:\cygwin64\tmp\ojdkbuild\lookaside\java-1.8.0-openjdk\hotspot\src\share\vm\runtime\sharedRuntime.cpp, line 615]
Event: 0.594 Thread 0x0000000003367800 Exception <a 'java/lang/ArrayIndexOutOfBoundsException'> (0x00000000d7577b18) thrown at [C:\cygwin64\tmp\ojdkbuild\lookaside\java-1.8.0-openjdk\hotspot\src\share\vm\runtime\sharedRuntime.cpp, line 615]
Event: 0.651 Thread 0x0000000003367800 Exception <a 'java/lang/ArrayIndexOutOfBoundsException'> (0x00000000d7e89e90) thrown at [C:\cygwin64\tmp\ojdkbuild\lookaside\java-1.8.0-openjdk\hotspot\src\share\vm\runtime\sharedRuntime.cpp, line 615]
Event: 0.652 Thread 0x0000000003367800 Exception <a 'java/lang/ArrayIndexOutOfBoundsException'> (0x00000000d7e8ba20) thrown at [C:\cygwin64\tmp\ojdkbuild\lookaside\java-1.8.0-openjdk\hotspot\src\share\vm\runtime\sharedRuntime.cpp, line 615]
Event: 0.695 Thread 0x0000000003367800 Exception <a 'java/lang/ArrayIndexOutOfBoundsException': 66> (0x00000000d6147038) thrown at [C:\cygwin64\tmp\ojdkbuild\lookaside\java-1.8.0-openjdk\hotspot\src\share\vm\interpreter\interpreterRuntime.cpp, line 371]
Event: 1.034 Thread 0x0000000003367800 Exception <a 'java/lang/NoClassDefFoundError': com/google/inject/servlet/ServletModuleTargetVisitor> (0x00000000d6614d80) thrown at [C:\cygwin64\tmp\ojdkbuild\lookaside\java-1.8.0-openjdk\hotspot\src\share\vm\classfile\systemDictionary.cpp, line 199]
Event: 1.034 Thread 0x0000000003367800 Exception <a 'java/lang/NoClassDefFoundError'> (0x00000000d6614d80) thrown at [C:\cygwin64\tmp\ojdkbuild\lookaside\java-1.8.0-openjdk\hotspot\src\share\vm\prims\jvm.cpp, line 1505]
Event: 1.035 Thread 0x0000000003367800 Exception <a 'java/lang/NoClassDefFoundError': javax/annotation/Priority> (0x00000000d661b8f8) thrown at [C:\cygwin64\tmp\ojdkbuild\lookaside\java-1.8.0-openjdk\hotspot\src\share\vm\classfile\systemDictionary.cpp, line 199]
Event: 1.117 Thread 0x0000000003367800 Exception <a 'java/lang/NullPointerException'> (0x00000000d6b1ce48) thrown at [C:\cygwin64\tmp\ojdkbuild\lookaside\java-1.8.0-openjdk\hotspot\src\share\vm\interpreter\linkResolver.cpp, line 1185]
Event: 1.117 Thread 0x0000000003367800 Exception <a 'java/lang/NullPointerException'> (0x00000000d6b1d060) thrown at [C:\cygwin64\tmp\ojdkbuild\lookaside\java-1.8.0-openjdk\hotspot\src\share\vm\interpreter\linkResolver.cpp, line 1185]
Event: 1.117 Thread 0x0000000003367800 Exception <a 'java/lang/NullPointerException'> (0x00000000d6b1d278) thrown at [C:\cygwin64\tmp\ojdkbuild\lookaside\java-1.8.0-openjdk\hotspot\src\share\vm\interpreter\linkResolver.cpp, line 1185]
Event: 1.117 Thread 0x0000000003367800 Exception <a 'java/lang/NullPointerException'> (0x00000000d6b26d00) thrown at [C:\cygwin64\tmp\ojdkbuild\lookaside\java-1.8.0-openjdk\hotspot\src\share\vm\interpreter\linkResolver.cpp, line 1185]
Event: 1.118 Thread 0x0000000003367800 Exception <a 'java/lang/NullPointerException'> (0x00000000d6b26f18) thrown at [C:\cygwin64\tmp\ojdkbuild\lookaside\java-1.8.0-openjdk\hotspot\src\share\vm\interpreter\linkResolver.cpp, line 1185]
Event: 1.118 Thread 0x0000000003367800 Exception <a 'java/lang/NullPointerException'> (0x00000000d6b27130) thrown at [C:\cygwin64\tmp\ojdkbuild\lookaside\java-1.8.0-openjdk\hotspot\src\share\vm\interpreter\linkResolver.cpp, line 1185]
Event: 1.137 Thread 0x0000000003367800 Implicit null exception at 0x000000000360cd59 to 0x000000000360d0e9
Event: 1.137 Thread 0x0000000003367800 Implicit null exception at 0x0000000003601c96 to 0x0000000003602025
Event: 1.279 Thread 0x0000000003367800 Implicit null exception at 0x0000000003a90fb7 to 0x0000000003a91201
Event: 1.429 Thread 0x0000000003367800 Implicit null exception at 0x0000000003acc519 to 0x0000000003acc79d
Event: 1.429 Thread 0x0000000003367800 Implicit null exception at 0x0000000003a68a98 to 0x0000000003a69359
Event: 1.429 Thread 0x0000000003367800 Implicit null exception at 0x00000000037dfad5 to 0x00000000037dfcad
Event: 1.430 Thread 0x0000000003367800 Implicit null exception at 0x00000000039ded9b to 0x00000000039df215
Event: 1.648 Thread 0x0000000003367800 Implicit null exception at 0x0000000003c178e0 to 0x0000000003c17e89
Event: 2.518 Thread 0x0000000003367800 Implicit null exception at 0x00000000037dc46f to 0x00000000037dc4d9

Events (250 events):
Event: 1.270 Thread 0x0000000003367800 DEOPT PACKING pc=0x0000000003a2fd5b sp=0x000000000331d360
Event: 1.270 Thread 0x0000000003367800 DEOPT UNPACKING pc=0x000000000346a0d0 sp=0x000000000331d160 mode 0
Event: 1.271 Thread 0x0000000003367800 DEOPT PACKING pc=0x0000000003a2fd5b sp=0x000000000331d220
Event: 1.271 Thread 0x0000000003367800 DEOPT UNPACKING pc=0x000000000346a0d0 sp=0x000000000331d020 mode 0
Event: 1.271 Thread 0x0000000003367800 DEOPT PACKING pc=0x0000000003a52f09 sp=0x000000000331d780
Event: 1.271 Thread 0x0000000003367800 DEOPT UNPACKING pc=0x000000000346a0d0 sp=0x000000000331d548 mode 0
Event: 1.271 Thread 0x0000000003367800 DEOPT PACKING pc=0x0000000003a2fd5b sp=0x000000000331d2c0
Event: 1.271 Thread 0x0000000003367800 DEOPT UNPACKING pc=0x000000000346a0d0 sp=0x000000000331d0c0 mode 0
Event: 1.271 Thread 0x0000000003367800 DEOPT PACKING pc=0x0000000003a2fd5b sp=0x000000000331d0e0
Event: 1.271 Thread 0x0000000003367800 DEOPT UNPACKING pc=0x000000000346a0d0 sp=0x000000000331cee0 mode 0
Event: 1.271 Thread 0x0000000003367800 DEOPT PACKING pc=0x0000000003a2fd5b sp=0x000000000331d070
Event: 1.271 Thread 0x0000000003367800 DEOPT UNPACKING pc=0x000000000346a0d0 sp=0x000000000331ce70 mode 0
Event: 1.271 Thread 0x0000000003367800 DEOPT PACKING pc=0x0000000003a2fd5b sp=0x000000000331d070
Event: 1.271 Thread 0x0000000003367800 DEOPT UNPACKING pc=0x000000000346a0d0 sp=0x000000000331ce70 mode 0
Event: 1.272 Thread 0x0000000003367800 DEOPT PACKING pc=0x0000000003a52f09 sp=0x000000000331d670
Event: 1.272 Thread 0x0000000003367800 DEOPT UNPACKING pc=0x000000000346a0d0 sp=0x000000000331d438 mode 0
Event: 1.272 Thread 0x0000000003367800 DEOPT PACKING pc=0x0000000003a2fd5b sp=0x000000000331d100
Event: 1.272 Thread 0x0000000003367800 DEOPT UNPACKING pc=0x000000000346a0d0 sp=0x000000000331cf00 mode 0
Event: 1.275 Thread 0x0000000003367800 DEOPT PACKING pc=0x0000000003a2fd5b sp=0x000000000331d540
Event: 1.275 Thread 0x0000000003367800 DEOPT UNPACKING pc=0x000000000346a0d0 sp=0x000000000331d340 mode 0
Event: 1.275 Thread 0x0000000003367800 DEOPT PACKING pc=0x0000000003a2fd5b sp=0x000000000331d5d0
Event: 1.275 Thread 0x0000000003367800 DEOPT UNPACKING pc=0x000000000346a0d0 sp=0x000000000331d3d0 mode 0
Event: 1.275 Thread 0x0000000003367800 DEOPT PACKING pc=0x0000000003a2fd5b sp=0x000000000331d5d0
Event: 1.275 Thread 0x0000000003367800 DEOPT UNPACKING pc=0x000000000346a0d0 sp=0x000000000331d3d0 mode 0
Event: 1.275 Thread 0x0000000003367800 DEOPT PACKING pc=0x0000000003a52f09 sp=0x000000000331db30
Event: 1.275 Thread 0x0000000003367800 DEOPT UNPACKING pc=0x000000000346a0d0 sp=0x000000000331d8f8 mode 0
Event: 1.278 Thread 0x0000000003367800 DEOPT PACKING pc=0x0000000003a2561a sp=0x000000000331d400
Event: 1.278 Thread 0x0000000003367800 DEOPT UNPACKING pc=0x000000000346a0d0 sp=0x000000000331d280 mode 0
Event: 1.279 Thread 0x0000000003367800 Uncommon trap: trap_request=0xfffffff4 fr.pc=0x0000000003a9121c
Event: 1.279 Thread 0x0000000003367800 DEOPT PACKING pc=0x0000000003a9121c sp=0x000000000331d9b0
Event: 1.279 Thread 0x0000000003367800 DEOPT UNPACKING pc=0x000000000346807b sp=0x000000000331d970 mode 2
Event: 1.289 Executing VM operation: ForceSafepoint
Event: 1.289 Executing VM operation: ForceSafepoint done
Event: 1.292 Thread 0x0000000003367800 DEOPT PACKING pc=0x0000000003a2561a sp=0x000000000331d7c0
Event: 1.292 Thread 0x0000000003367800 DEOPT UNPACKING pc=0x000000000346a0d0 sp=0x000000000331d640 mode 0
Event: 1.304 Thread 0x0000000003367800 DEOPT PACKING pc=0x0000000003a2561a sp=0x000000000331d290
Event: 1.304 Thread 0x0000000003367800 DEOPT UNPACKING pc=0x000000000346a0d0 sp=0x000000000331d110 mode 0
Event: 1.314 Thread 0x0000000003367800 DEOPT PACKING pc=0x0000000003a2561a sp=0x000000000331d130
Event: 1.314 Thread 0x0000000003367800 DEOPT UNPACKING pc=0x000000000346a0d0 sp=0x000000000331cfb0 mode 0
Event: 1.319 Thread 0x0000000003367800 DEOPT PACKING pc=0x0000000003a2561a sp=0x000000000331cfc0
Event: 1.319 Thread 0x0000000003367800 DEOPT UNPACKING pc=0x000000000346a0d0 sp=0x000000000331ce40 mode 0
Event: 1.323 Thread 0x0000000003367800 Uncommon trap: trap_request=0xffffff65 fr.pc=0x0000000003a8760c
Event: 1.323 Thread 0x0000000003367800 DEOPT PACKING pc=0x0000000003a8760c sp=0x000000000331d200
Event: 1.323 Thread 0x0000000003367800 DEOPT UNPACKING pc=0x000000000346807b sp=0x000000000331d168 mode 2
Event: 1.324 Thread 0x0000000003367800 Uncommon trap: trap_request=0xffffffde fr.pc=0x0000000003a938cc
Event: 1.324 Thread 0x0000000003367800 DEOPT PACKING pc=0x0000000003a938cc sp=0x000000000331d590
Event: 1.324 Thread 0x0000000003367800 DEOPT UNPACKING pc=0x000000000346807b sp=0x000000000331d4f8 mode 2
Event: 1.324 Thread 0x0000000003367800 Uncommon trap: trap_request=0xffffffde fr.pc=0x0000000003a938cc
Event: 1.324 Thread 0x0000000003367800 DEOPT PACKING pc=0x0000000003a938cc sp=0x000000000331d590
Event: 1.324 Thread 0x0000000003367800 DEOPT UNPACKING pc=0x000000000346807b sp=0x000000000331d4f8 mode 2
Event: 1.324 Thread 0x0000000003367800 Uncommon trap: trap_request=0xffffffde fr.pc=0x0000000003a938cc
Event: 1.324 Thread 0x0000000003367800 DEOPT PACKING pc=0x0000000003a938cc sp=0x000000000331d590
Event: 1.324 Thread 0x0000000003367800 DEOPT UNPACKING pc=0x000000000346807b sp=0x000000000331d4f8 mode 2
Event: 1.324 Thread 0x0000000003367800 Uncommon trap: trap_request=0xffffffde fr.pc=0x0000000003a938cc
Event: 1.324 Thread 0x0000000003367800 DEOPT PACKING pc=0x0000000003a938cc sp=0x000000000331d590
Event: 1.324 Thread 0x0000000003367800 DEOPT UNPACKING pc=0x000000000346807b sp=0x000000000331d4f8 mode 2
Event: 1.332 Thread 0x0000000003367800 Uncommon trap: trap_request=0xffffff65 fr.pc=0x0000000003ae2a9c
Event: 1.332 Thread 0x0000000003367800 DEOPT PACKING pc=0x0000000003ae2a9c sp=0x000000000331d540
Event: 1.332 Thread 0x0000000003367800 DEOPT UNPACKING pc=0x000000000346807b sp=0x000000000331d460 mode 2
Event: 1.333 loading class org/apache/commons/lang3/Validate
Event: 1.333 loading class org/apache/commons/lang3/Validate done
Event: 1.342 Executing VM operation: ParallelGCFailedAllocation
Event: 1.348 Executing VM operation: ParallelGCFailedAllocation done
Event: 1.371 Thread 0x0000000003367800 Uncommon trap: trap_request=0xffffff65 fr.pc=0x0000000003778810
Event: 1.371 Thread 0x0000000003367800 DEOPT PACKING pc=0x0000000003778810 sp=0x000000000331d8b0
Event: 1.371 Thread 0x0000000003367800 DEOPT UNPACKING pc=0x000000000346807b sp=0x000000000331d838 mode 2
Event: 1.379 Thread 0x0000000003367800 Uncommon trap: trap_request=0xffffff65 fr.pc=0x0000000003a64e8c
Event: 1.379 Thread 0x0000000003367800 DEOPT PACKING pc=0x0000000003a64e8c sp=0x000000000331d7c0
Event: 1.379 Thread 0x0000000003367800 DEOPT UNPACKING pc=0x000000000346807b sp=0x000000000331d750 mode 2
Event: 1.386 loading class org/apache/maven/plugin/prefix/internal/DefaultPluginPrefixResult
Event: 1.386 loading class org/apache/maven/plugin/prefix/internal/DefaultPluginPrefixResult done
Event: 1.386 loading class org/apache/maven/lifecycle/internal/GoalTask
Event: 1.386 loading class org/apache/maven/lifecycle/internal/GoalTask done
Event: 1.389 loading class org/apache/maven/lifecycle/internal/CompoundProjectExecutionListener
Event: 1.389 loading class org/apache/maven/lifecycle/internal/CompoundProjectExecutionListener done
Event: 1.389 loading class org/apache/maven/execution/ProjectExecutionEvent
Event: 1.389 loading class org/apache/maven/execution/ProjectExecutionEvent done
Event: 1.390 loading class org/apache/maven/shared/utils/logging/AnsiMessageBuilder
Event: 1.390 loading class org/apache/maven/shared/utils/logging/AnsiMessageBuilder done
Event: 1.390 loading class org/apache/maven/shared/utils/logging/MessageBuilder
Event: 1.390 loading class org/apache/maven/shared/utils/logging/MessageBuilder done
Event: 1.391 loading class org/apache/maven/shared/utils/logging/Style
Event: 1.391 loading class org/apache/maven/shared/utils/logging/Style done
Event: 1.391 loading class org/fusesource/jansi/Ansi$Color
Event: 1.391 loading class org/fusesource/jansi/Ansi$Color done
Event: 1.392 loading class org/fusesource/jansi/Ansi$Attribute
Event: 1.392 loading class org/fusesource/jansi/Ansi$Attribute done
Event: 1.410 loading class org/apache/maven/plugin/MojoExecution$Source
Event: 1.410 loading class org/apache/maven/plugin/MojoExecution$Source done
Event: 1.412 loading class java/util/TreeMap$Values
Event: 1.412 loading class java/util/TreeMap$Values done
Event: 1.412 loading class java/util/TreeMap$ValueIterator
Event: 1.412 loading class java/util/TreeMap$ValueIterator done
Event: 1.429 loading class org/apache/maven/lifecycle/internal/ExecutionPlanItem
Event: 1.429 loading class org/apache/maven/lifecycle/internal/ExecutionPlanItem done
Event: 1.429 Thread 0x0000000003367800 Uncommon trap: trap_request=0xffffff65 fr.pc=0x0000000003acc7b4
Event: 1.429 Thread 0x0000000003367800 DEOPT PACKING pc=0x0000000003acc7b4 sp=0x000000000331e0c0
Event: 1.429 Thread 0x0000000003367800 DEOPT UNPACKING pc=0x000000000346807b sp=0x000000000331dfb0 mode 2
Event: 1.429 Thread 0x0000000003367800 Uncommon trap: trap_request=0xffffff65 fr.pc=0x0000000003a6936c
Event: 1.429 Thread 0x0000000003367800 DEOPT PACKING pc=0x0000000003a6936c sp=0x000000000331e0a0
Event: 1.429 Thread 0x0000000003367800 DEOPT UNPACKING pc=0x000000000346807b sp=0x000000000331dfa8 mode 2
Event: 1.429 Thread 0x0000000003367800 Uncommon trap: trap_request=0xffffff65 fr.pc=0x00000000037dfcbc
Event: 1.429 Thread 0x0000000003367800 DEOPT PACKING pc=0x00000000037dfcbc sp=0x000000000331e0e0
Event: 1.429 Thread 0x0000000003367800 DEOPT UNPACKING pc=0x000000000346807b sp=0x000000000331e028 mode 2
Event: 1.430 Thread 0x0000000003367800 Uncommon trap: trap_request=0xffffff65 fr.pc=0x00000000039df230
Event: 1.430 Thread 0x0000000003367800 DEOPT PACKING pc=0x00000000039df230 sp=0x000000000331e110
Event: 1.430 Thread 0x0000000003367800 DEOPT UNPACKING pc=0x000000000346807b sp=0x000000000331e080 mode 2
Event: 1.430 loading class java/lang/Character$CharacterCache
Event: 1.430 loading class java/lang/Character$CharacterCache done
Event: 1.433 loading class org/apache/maven/artifact/resolver/filter/ExclusionArtifactFilter
Event: 1.433 loading class org/apache/maven/artifact/resolver/filter/ExclusionArtifactFilter done
Event: 1.434 loading class org/apache/maven/project/artifact/DefaultProjectArtifactsCache$CacheKey
Event: 1.434 loading class org/apache/maven/project/artifact/DefaultProjectArtifactsCache$CacheKey done
Event: 1.435 loading class org/eclipse/aether/util/filter/ScopeDependencyFilter
Event: 1.435 loading class org/eclipse/aether/util/filter/ScopeDependencyFilter done
Event: 1.435 loading class org/eclipse/aether/util/filter/AndDependencyFilter
Event: 1.435 loading class org/eclipse/aether/util/filter/AndDependencyFilter done
Event: 1.435 loading class org/apache/maven/lifecycle/internal/LifecycleDependencyResolver$ReactorDependencyFilter
Event: 1.435 loading class org/apache/maven/lifecycle/internal/LifecycleDependencyResolver$ReactorDependencyFilter done
Event: 1.436 loading class org/apache/maven/project/DefaultDependencyResolutionRequest
Event: 1.436 loading class org/apache/maven/project/DefaultDependencyResolutionRequest done
Event: 1.436 loading class org/eclipse/aether/util/artifact/ArtifactIdUtils
Event: 1.436 loading class org/eclipse/aether/util/artifact/ArtifactIdUtils done
Event: 1.439 loading class org/eclipse/aether/internal/impl/collect/CachingArtifactTypeRegistry
Event: 1.439 loading class org/eclipse/aether/internal/impl/collect/CachingArtifactTypeRegistry done
Event: 1.440 loading class org/eclipse/aether/internal/impl/collect/ObjectPool
Event: 1.440 loading class org/eclipse/aether/internal/impl/collect/ObjectPool done
Event: 1.441 loading class org/eclipse/aether/internal/impl/collect/NodeStack
Event: 1.441 loading class org/eclipse/aether/internal/impl/collect/NodeStack done
Event: 1.441 loading class org/eclipse/aether/internal/impl/collect/DefaultDependencyCollectionContext
Event: 1.441 loading class org/eclipse/aether/internal/impl/collect/DefaultDependencyCollectionContext done
Event: 1.441 loading class org/eclipse/aether/graph/DependencyCycle
Event: 1.441 loading class org/eclipse/aether/graph/DependencyCycle done
Event: 1.442 loading class org/eclipse/aether/util/graph/manager/ClassicDependencyManager$Key
Event: 1.442 loading class org/eclipse/aether/util/graph/manager/ClassicDependencyManager$Key done
Event: 1.443 loading class org/eclipse/aether/graph/Dependency$Exclusions$1
Event: 1.443 loading class org/eclipse/aether/graph/Dependency$Exclusions$1 done
Event: 1.444 loading class org/eclipse/aether/internal/impl/collect/DataPool$ConstraintKey
Event: 1.444 loading class org/eclipse/aether/internal/impl/collect/DataPool$ConstraintKey done
Event: 1.444 loading class org/eclipse/aether/internal/impl/collect/DataPool$Constraint
Event: 1.444 loading class org/eclipse/aether/internal/impl/collect/DataPool$Constraint done
Event: 1.445 loading class org/eclipse/aether/internal/impl/collect/DataPool$Constraint$VersionRepo
Event: 1.445 loading class org/eclipse/aether/internal/impl/collect/DataPool$Constraint$VersionRepo done
Event: 1.448 Thread 0x0000000003367800 Uncommon trap: trap_request=0xffffff65 fr.pc=0x0000000003a38470
Event: 1.448 Thread 0x0000000003367800 DEOPT PACKING pc=0x0000000003a38470 sp=0x000000000331cd70
Event: 1.448 Thread 0x0000000003367800 DEOPT UNPACKING pc=0x000000000346807b sp=0x000000000331cd30 mode 2
Event: 1.453 Thread 0x0000000003367800 DEOPT PACKING pc=0x0000000003a74ae2 sp=0x000000000331cea0
Event: 1.453 Thread 0x0000000003367800 DEOPT UNPACKING pc=0x000000000346a0d0 sp=0x000000000331cc40 mode 0
Event: 1.455 loading class org/eclipse/aether/internal/impl/collect/DataPool$GoodDescriptor
Event: 1.455 loading class org/eclipse/aether/internal/impl/collect/DataPool$GoodDescriptor done
Event: 1.455 loading class org/eclipse/aether/internal/impl/collect/DataPool$Descriptor
Event: 1.455 loading class org/eclipse/aether/internal/impl/collect/DataPool$Descriptor done
Event: 1.487 loading class org/eclipse/aether/internal/impl/collect/DataPool$GraphKey
Event: 1.487 loading class org/eclipse/aether/internal/impl/collect/DataPool$GraphKey done
Event: 1.489 loading class org/eclipse/aether/collection/DependencyManagement
Event: 1.489 loading class org/eclipse/aether/collection/DependencyManagement done
Event: 1.531 Executing VM operation: ForceSafepoint
Event: 1.531 Executing VM operation: ForceSafepoint done
Event: 1.552 loading class org/eclipse/aether/util/graph/selector/ExclusionDependencySelector$ExclusionComparator
Event: 1.552 loading class org/eclipse/aether/util/graph/selector/ExclusionDependencySelector$ExclusionComparator done
Event: 1.602 Executing VM operation: ParallelGCFailedAllocation
Event: 1.612 Executing VM operation: ParallelGCFailedAllocation done
Event: 1.648 Thread 0x0000000003367800 Uncommon trap: trap_request=0xfffffff4 fr.pc=0x0000000003c17eac
Event: 1.648 Thread 0x0000000003367800 DEOPT PACKING pc=0x0000000003c17eac sp=0x000000000331d210
Event: 1.648 Thread 0x0000000003367800 DEOPT UNPACKING pc=0x000000000346807b sp=0x000000000331d200 mode 2
Event: 1.666 loading class sun/nio/cs/ISO_8859_1$Decoder
Event: 1.666 loading class sun/nio/cs/ISO_8859_1$Decoder done
Event: 1.667 Thread 0x0000000003367800 Uncommon trap: trap_request=0xffffff86 fr.pc=0x0000000003715f50
Event: 1.667 Thread 0x0000000003367800 DEOPT PACKING pc=0x0000000003715f50 sp=0x000000000331c090
Event: 1.667 Thread 0x0000000003367800 DEOPT UNPACKING pc=0x000000000346807b sp=0x000000000331c038 mode 2
Event: 1.804 Thread 0x0000000003367800 Uncommon trap: trap_request=0xffffff65 fr.pc=0x0000000003a9195c
Event: 1.804 Thread 0x0000000003367800 DEOPT PACKING pc=0x0000000003a9195c sp=0x000000000331c470
Event: 1.804 Thread 0x0000000003367800 DEOPT UNPACKING pc=0x000000000346807b sp=0x000000000331c3f8 mode 2
Event: 1.881 Thread 0x0000000003367800 Uncommon trap: trap_request=0xffffff65 fr.pc=0x0000000003b73a48
Event: 1.881 Thread 0x0000000003367800 DEOPT PACKING pc=0x0000000003b73a48 sp=0x000000000331d220
Event: 1.881 Thread 0x0000000003367800 DEOPT UNPACKING pc=0x000000000346807b sp=0x000000000331d1a8 mode 2
Event: 1.980 Thread 0x0000000003367800 Uncommon trap: trap_request=0xffffff65 fr.pc=0x0000000003badaa4
Event: 1.980 Thread 0x0000000003367800 DEOPT PACKING pc=0x0000000003badaa4 sp=0x000000000331cf10
Event: 1.980 Thread 0x0000000003367800 DEOPT UNPACKING pc=0x000000000346807b sp=0x000000000331cea0 mode 2
Event: 2.031 Executing VM operation: ForceSafepoint
Event: 2.031 Executing VM operation: ForceSafepoint done
Event: 2.043 Executing VM operation: ParallelGCFailedAllocation
Event: 2.057 Executing VM operation: ParallelGCFailedAllocation done
Event: 2.242 Thread 0x0000000003367800 Uncommon trap: trap_request=0xffffffc6 fr.pc=0x0000000003ce99c4
Event: 2.242 Thread 0x0000000003367800 DEOPT PACKING pc=0x0000000003ce99c4 sp=0x000000000331cdd0
Event: 2.242 Thread 0x0000000003367800 DEOPT UNPACKING pc=0x000000000346807b sp=0x000000000331cd00 mode 2
Event: 2.331 Thread 0x0000000003367800 DEOPT PACKING pc=0x0000000003cef331 sp=0x000000000331d240
Event: 2.331 Thread 0x0000000003367800 DEOPT UNPACKING pc=0x000000000346a0d0 sp=0x000000000331cf78 mode 0
Event: 2.418 Executing VM operation: ParallelGCFailedAllocation
Event: 2.435 Executing VM operation: ParallelGCFailedAllocation done
Event: 2.435 Thread 0x0000000003367800 DEOPT PACKING pc=0x0000000003c8a888 sp=0x000000000331cb60
Event: 2.435 Thread 0x0000000003367800 DEOPT UNPACKING pc=0x000000000346a0d0 sp=0x000000000331c8f0 mode 0
Event: 2.466 Thread 0x0000000003367800 DEOPT PACKING pc=0x0000000003d3ecc7 sp=0x000000000331c4e0
Event: 2.466 Thread 0x0000000003367800 DEOPT UNPACKING pc=0x000000000346a0d0 sp=0x000000000331c298 mode 0
Event: 2.490 Thread 0x0000000003367800 DEOPT PACKING pc=0x0000000003c7f681 sp=0x000000000331c380
Event: 2.490 Thread 0x0000000003367800 DEOPT UNPACKING pc=0x000000000346a0d0 sp=0x000000000331c0a8 mode 0
Event: 2.510 Thread 0x0000000003367800 Uncommon trap: trap_request=0xffffff65 fr.pc=0x0000000003e3fd84
Event: 2.510 Thread 0x0000000003367800 DEOPT PACKING pc=0x0000000003e3fd84 sp=0x000000000331cf00
Event: 2.510 Thread 0x0000000003367800 DEOPT UNPACKING pc=0x000000000346807b sp=0x000000000331cf38 mode 2
Event: 2.511 loading class org/eclipse/aether/internal/impl/collect/DefaultDependencyGraphTransformationContext
Event: 2.511 loading class org/eclipse/aether/internal/impl/collect/DefaultDependencyGraphTransformationContext done
Event: 2.512 loading class org/eclipse/aether/util/graph/transformer/TransformationContextKeys
Event: 2.512 loading class org/eclipse/aether/util/graph/transformer/TransformationContextKeys done
Event: 2.512 loading class org/eclipse/aether/util/graph/transformer/ConflictIdSorter
Event: 2.512 loading class org/eclipse/aether/util/graph/transformer/ConflictIdSorter done
Event: 2.512 loading class org/eclipse/aether/util/graph/transformer/ConflictMarker
Event: 2.512 loading class org/eclipse/aether/util/graph/transformer/ConflictMarker done
Event: 2.513 loading class org/eclipse/aether/util/graph/transformer/ConflictMarker$Key
Event: 2.513 loading class org/eclipse/aether/util/graph/transformer/ConflictMarker$Key done
Event: 2.513 loading class org/eclipse/aether/util/graph/transformer/ConflictMarker$ConflictGroup
Event: 2.513 loading class org/eclipse/aether/util/graph/transformer/ConflictMarker$ConflictGroup done
Event: 2.514 loading class java/util/IdentityHashMap$KeySet
Event: 2.514 loading class java/util/IdentityHashMap$KeySet done
Event: 2.514 loading class java/util/IdentityHashMap$KeyIterator
Event: 2.514 loading class java/util/IdentityHashMap$IdentityHashMapIterator
Event: 2.514 loading class java/util/IdentityHashMap$IdentityHashMapIterator done
Event: 2.514 loading class java/util/IdentityHashMap$KeyIterator done
Event: 2.515 loading class org/eclipse/aether/util/graph/transformer/ConflictIdSorter$ConflictId
Event: 2.515 loading class org/eclipse/aether/util/graph/transformer/ConflictIdSorter$ConflictId done
Event: 2.516 loading class org/eclipse/aether/util/graph/transformer/ConflictIdSorter$RootQueue
Event: 2.516 loading class org/eclipse/aether/util/graph/transformer/ConflictIdSorter$RootQueue done
Event: 2.516 loading class org/eclipse/aether/util/graph/transformer/ConflictResolver$State
Event: 2.516 loading class org/eclipse/aether/util/graph/transformer/ConflictResolver$State done
Event: 2.517 loading class org/eclipse/aether/util/graph/transformer/ConflictResolver$ConflictContext
Event: 2.517 loading class org/eclipse/aether/util/graph/transformer/ConflictResolver$ConflictContext done
Event: 2.517 loading class org/eclipse/aether/util/graph/transformer/ConflictResolver$ScopeContext
Event: 2.517 loading class org/eclipse/aether/util/graph/transformer/ConflictResolver$ScopeContext done
Event: 2.517 loading class org/eclipse/aether/util/graph/transformer/ConflictResolver$NodeInfo
Event: 2.517 loading class org/eclipse/aether/util/graph/transformer/ConflictResolver$NodeInfo done
Event: 2.518 loading class org/eclipse/aether/util/graph/transformer/ConflictResolver$ConflictItem
Event: 2.518 loading class org/eclipse/aether/util/graph/transformer/ConflictResolver$ConflictItem done
Event: 2.518 loading class org/eclipse/aether/util/graph/transformer/NearestVersionSelector$ConflictGroup
Event: 2.518 loading class org/eclipse/aether/util/graph/transformer/NearestVersionSelector$ConflictGroup done
Event: 2.518 Thread 0x0000000003367800 Uncommon trap: trap_request=0xffffff65 fr.pc=0x0000000003bfd2cc
Event: 2.518 Thread 0x0000000003367800 DEOPT PACKING pc=0x0000000003bfd2cc sp=0x000000000331d850
Event: 2.518 Thread 0x0000000003367800 DEOPT UNPACKING pc=0x000000000346807b sp=0x000000000331d770 mode 2
Event: 2.518 Thread 0x0000000003367800 Uncommon trap: trap_request=0xffffff65 fr.pc=0x00000000037dc4e8
Event: 2.518 Thread 0x0000000003367800 DEOPT PACKING pc=0x00000000037dc4e8 sp=0x000000000331d7f0
Event: 2.518 Thread 0x0000000003367800 DEOPT UNPACKING pc=0x000000000346807b sp=0x000000000331d790 mode 2
Event: 2.518 Thread 0x0000000003367800 Uncommon trap: trap_request=0xffffff65 fr.pc=0x00000000037d5784
Event: 2.518 Thread 0x0000000003367800 DEOPT PACKING pc=0x00000000037d5784 sp=0x000000000331d7e0
Event: 2.518 Thread 0x0000000003367800 DEOPT UNPACKING pc=0x000000000346807b sp=0x000000000331d770 mode 2
Event: 2.525 loading class org/eclipse/aether/internal/impl/ArtifactRequestBuilder
Event: 2.525 loading class org/eclipse/aether/internal/impl/ArtifactRequestBuilder done
Event: 2.525 loading class org/eclipse/aether/util/graph/visitor/FilteringDependencyVisitor
Event: 2.525 loading class org/eclipse/aether/util/graph/visitor/FilteringDependencyVisitor done
Event: 2.526 loading class org/eclipse/aether/util/graph/visitor/Stack
Event: 2.526 loading class org/eclipse/aether/util/graph/visitor/Stack done
Event: 2.526 loading class org/eclipse/aether/util/graph/visitor/TreeDependencyVisitor
Event: 2.526 loading class org/eclipse/aether/util/graph/visitor/TreeDependencyVisitor done


Dynamic libraries:
0x00007ff60afb0000 - 0x00007ff60b03b000 	C:\Program Files\RedHat\java-1.8.0-openjdk-1.8.0.232-3\bin\javaw.exe
0x00007ffcc3f40000 - 0x00007ffcc412d000 	C:\WINDOWS\SYSTEM32\ntdll.dll
0x00007ffcc3d90000 - 0x00007ffcc3e43000 	C:\WINDOWS\System32\KERNEL32.DLL
0x00007ffcc0aa0000 - 0x00007ffcc0d33000 	C:\WINDOWS\System32\KERNELBASE.dll
0x00007ffcc3550000 - 0x00007ffcc35f3000 	C:\WINDOWS\System32\ADVAPI32.dll
0x00007ffcc3c00000 - 0x00007ffcc3c9e000 	C:\WINDOWS\System32\msvcrt.dll
0x00007ffcc3010000 - 0x00007ffcc30ae000 	C:\WINDOWS\System32\sechost.dll
0x00007ffcc12b0000 - 0x00007ffcc13d2000 	C:\WINDOWS\System32\RPCRT4.dll
0x00007ffcc2df0000 - 0x00007ffcc2f87000 	C:\WINDOWS\System32\USER32.dll
0x00007ffcc0ee0000 - 0x00007ffcc0f00000 	C:\WINDOWS\System32\win32u.dll
0x00007ffcc2d40000 - 0x00007ffcc2d69000 	C:\WINDOWS\System32\GDI32.dll
0x00007ffcc0900000 - 0x00007ffcc0a99000 	C:\WINDOWS\System32\gdi32full.dll
0x00007ffcc0e40000 - 0x00007ffcc0ee0000 	C:\WINDOWS\System32\msvcp_win.dll
0x00007ffcc0800000 - 0x00007ffcc08fa000 	C:\WINDOWS\System32\ucrtbase.dll
0x00007ffca7a40000 - 0x00007ffca7cb9000 	C:\WINDOWS\WinSxS\amd64_microsoft.windows.common-controls_6595b64144ccf1df_6.0.17763.1039_none_de701650534c7021\COMCTL32.dll
0x00007ffcc1510000 - 0x00007ffcc183c000 	C:\WINDOWS\System32\combase.dll
0x00007ffcc0d90000 - 0x00007ffcc0e0e000 	C:\WINDOWS\System32\bcryptPrimitives.dll
0x00007ffcc3d60000 - 0x00007ffcc3d8e000 	C:\WINDOWS\System32\IMM32.DLL
0x00007ffca6a90000 - 0x00007ffca6b42000 	C:\Program Files\McAfee\Endpoint Security\Threat Prevention\Ips\EpMPApi.dll
0x00007ffcc0f00000 - 0x00007ffcc0f59000 	C:\WINDOWS\System32\WINTRUST.dll
0x00007ffcbffe0000 - 0x00007ffcbfff2000 	C:\WINDOWS\System32\MSASN1.dll
0x00007ffcc0f60000 - 0x00007ffcc113c000 	C:\WINDOWS\System32\CRYPT32.dll
0x000000006dae0000 - 0x000000006daec000 	C:\Program Files\McAfee\Endpoint Security\Threat Prevention\Ips\EpMPThe.dll
0x000000006c930000 - 0x000000006ca02000 	C:\Program Files\RedHat\java-1.8.0-openjdk-1.8.0.232-3\jre\bin\msvcr100.dll
0x000000006cf80000 - 0x000000006d83d000 	C:\Program Files\RedHat\java-1.8.0-openjdk-1.8.0.232-3\jre\bin\server\jvm.dll
0x00007ffcc3f00000 - 0x00007ffcc3f08000 	C:\WINDOWS\System32\PSAPI.DLL
0x00007ffcb78b0000 - 0x00007ffcb78b9000 	C:\WINDOWS\SYSTEM32\WSOCK32.dll
0x00007ffcba530000 - 0x00007ffcba554000 	C:\WINDOWS\SYSTEM32\WINMM.dll
0x00007ffcc1240000 - 0x00007ffcc12ad000 	C:\WINDOWS\System32\WS2_32.dll
0x00007ffcb7500000 - 0x00007ffcb750a000 	C:\WINDOWS\SYSTEM32\VERSION.dll
0x00007ffcba460000 - 0x00007ffcba48d000 	C:\WINDOWS\SYSTEM32\WINMMBASE.dll
0x00007ffcc0d40000 - 0x00007ffcc0d8a000 	C:\WINDOWS\System32\cfgmgr32.dll
0x00007ffca01c0000 - 0x00007ffca01cf000 	C:\Program Files\RedHat\java-1.8.0-openjdk-1.8.0.232-3\jre\bin\verify.dll
0x00007ffc7bfa0000 - 0x00007ffc7bfc9000 	C:\Program Files\RedHat\java-1.8.0-openjdk-1.8.0.232-3\jre\bin\java.dll
0x00007ffc7bf80000 - 0x00007ffc7bf96000 	C:\Program Files\RedHat\java-1.8.0-openjdk-1.8.0.232-3\jre\bin\zip.dll
0x00007ffcc1840000 - 0x00007ffcc2d34000 	C:\WINDOWS\System32\SHELL32.dll
0x00007ffcc3e50000 - 0x00007ffcc3ef8000 	C:\WINDOWS\System32\shcore.dll
0x00007ffcc0000000 - 0x00007ffcc074d000 	C:\WINDOWS\System32\windows.storage.dll
0x00007ffcbffb0000 - 0x00007ffcbffd4000 	C:\WINDOWS\System32\profapi.dll
0x00007ffcbff50000 - 0x00007ffcbffad000 	C:\WINDOWS\System32\powrprof.dll
0x00007ffcc11e0000 - 0x00007ffcc1232000 	C:\WINDOWS\System32\shlwapi.dll
0x00007ffcbff30000 - 0x00007ffcbff41000 	C:\WINDOWS\System32\kernel.appcore.dll
0x00007ffcc1140000 - 0x00007ffcc1157000 	C:\WINDOWS\System32\cryptsp.dll
0x00007ffcbf2c0000 - 0x00007ffcbf2f3000 	C:\WINDOWS\system32\rsaenh.dll
0x00007ffcc0e10000 - 0x00007ffcc0e36000 	C:\WINDOWS\System32\bcrypt.dll
0x00007ffcbfe60000 - 0x00007ffcbfe88000 	C:\WINDOWS\SYSTEM32\USERENV.dll
0x00007ffcbf910000 - 0x00007ffcbf91c000 	C:\WINDOWS\SYSTEM32\CRYPTBASE.dll
0x00007ffca3a90000 - 0x00007ffca3aaa000 	C:\Program Files\RedHat\java-1.8.0-openjdk-1.8.0.232-3\jre\bin\net.dll
0x00007ffcbf740000 - 0x00007ffcbf7a7000 	C:\WINDOWS\system32\mswsock.dll
0x00007ffcbf460000 - 0x00007ffcbf49d000 	C:\WINDOWS\SYSTEM32\IPHLPAPI.DLL
0x00007ffcc3390000 - 0x00007ffcc3398000 	C:\WINDOWS\System32\NSI.dll
0x00007ffcbdc10000 - 0x00007ffcbdc26000 	C:\WINDOWS\SYSTEM32\dhcpcsvc6.DLL
0x00007ffcbdbf0000 - 0x00007ffcbdc0c000 	C:\WINDOWS\SYSTEM32\dhcpcsvc.DLL
0x00007ffcbf4e0000 - 0x00007ffcbf5a6000 	C:\WINDOWS\SYSTEM32\DNSAPI.dll
0x00007ffca3a70000 - 0x00007ffca3a82000 	C:\Program Files\RedHat\java-1.8.0-openjdk-1.8.0.232-3\jre\bin\nio.dll
0x00007ffcba840000 - 0x00007ffcba84a000 	C:\Users\chaitalishah.ttl\AppData\Local\Temp\jansi-1.17.1-1789232815463356068.dll
0x00007ffcb8660000 - 0x00007ffcb866a000 	C:\Users\chaitalishah.ttl\AppData\Local\Temp\jansi-1.17.1-6534325492917045383.dll

VM Arguments:
jvm_args: -Dmaven.home=EMBEDDED -Dclassworlds.conf=D:\ESB3\.metadata\.plugins\org.eclipse.m2e.launching\launches\m2conf784397987358421884.tmp -Dmaven.multiModuleProjectDirectory=D:\ESB2\TML_eInvoice_GenerateIRN -Dfile.encoding=Cp1252 
java_command: org.codehaus.plexus.classworlds.launcher.Launcher -B -Dmaven.test.skip=true -DskipTests spring-boot:run
java_class_path (initial): D:\ESB\studio\plugins\org.eclipse.m2e.maven.runtime_1.14.0.20191209-1923\jars\plexus-classworlds-2.6.0.jar
Launcher Type: SUN_STANDARD

Environment Variables:
PATH=D:\ORACLE\product\11.1.0\client_1\bin;C:\Users\chaitalishah.ttl\product\12.2.0\client_1\bin;C:\ProgramData\Oracle\Java\javapath;C:\Program Files\Common Files\Microsoft Shared\Microsoft Online Services;C:\Program Files (x86)\Common Files\Microsoft Shared\Microsoft Online Services;C:\WINDOWS\system32;C:\WINDOWS;C:\WINDOWS\System32\Wbem;C:\WINDOWS\System32\WindowsPowerShell\v1.0\;C:\Windows\CCM;C:\WINDOWS\System32\OpenSSH\;C:\Program Files\TortoiseSVN\bin;C:\Program Files\nodejs\;C:\Program Files\RedHat\java-1.8.0-openjdk-1.8.0.232-3\bin;C:\Program Files\RedHat\java-1.8.0-openjdk-1.8.0.232-3\jre\bin;D:\ESB\apache-maven-3.6.3-bin\apache-maven-3.6.3\bin;C:\Users\chaitalishah.ttl\AppData\Local\Microsoft\WindowsApps;C:\Users\chaitalishah.ttl\AppData\Roaming\npm;C:\Users\chaitalishah.ttl\AppData\Local\Programs\Git\cmd
USERNAME=ChaitaliShah.ttl
OS=Windows_NT
PROCESSOR_IDENTIFIER=Intel64 Family 6 Model 158 Stepping 11, GenuineIntel



---------------  S Y S T E M  ---------------

OS: Windows 10.0 , 64 bit Build 17763 (10.0.17763.475)

CPU:total 4 (initial active 4) (4 cores per cpu, 1 threads per core) family 6 model 158 stepping 11, cmov, cx8, fxsr, mmx, sse, sse2, sse3, ssse3, sse4.1, sse4.2, popcnt, avx, avx2, aes, clmul, erms, 3dnowpref, lzcnt, tsc, tscinvbit, bmi1, bmi2, adx

Memory: 4k page, physical 8270196k(1158392k free), swap 14414196k(5524k free)

vm_info: OpenJDK 64-Bit Server VM (25.232-b09) for windows-amd64 JRE (1.8.0_232-b09), built on Oct 20 2019 23:15:08 by "build" with MS VC++ 10.0 (VS2010)

time: Fri Mar 06 11:30:27 2020
timezone: India Standard Time
elapsed time: 2 seconds (0d 0h 0m 2s)

